2025-05-06 20:59:35,197 - __main__ - INFO - Starting Forgetting Mechanism for Recommendation Systems
2025-05-06 20:59:35,197 - __main__ - INFO - Configuration: {'data_path': './data/ml-100k', 'decay_parameters': {'time_decay_rate': 0.1, 'usage_threshold': 3, 'time_weight': 0.4, 'usage_weight': 0.3, 'novelty_weight': 0.3, 'forgetting_factor': 0.5}, 'evaluation_metrics': ['hit_rate', 'precision', 'recall', 'mrr', 'ndcg', 'serendipity', 'novelty', 'diversity'], 'k_values': [5, 10, 20], 'test_ratio': 0.2, 'seed': 42, 'output_dir': './results', 'num_users': 50, 'temporal_split': False, 'test_days': 30}
2025-05-06 20:59:35,198 - ExperimentRunner - INFO - Initializing knowledge graph...
2025-05-06 20:59:35,199 - MovieLensKG - ERROR - Error loading data: [Errno 2] No such file or directory: './data/ml-100k/u.data'
2025-05-06 20:59:35,199 - ExperimentRunner - ERROR - Failed to load data. Exiting.
2025-05-06 20:59:35,199 - __main__ - INFO - Starting experiment: baseline_comparison
2025-05-06 20:59:35,199 - ExperimentRunner - INFO - Running baseline comparison experiment...
2025-05-06 20:59:35,199 - ExperimentRunner - INFO - Creating random train-test split with 0.2 test ratio...
2025-05-06 21:00:48,498 - __main__ - INFO - Starting Forgetting Mechanism for Recommendation Systems
2025-05-06 21:00:48,498 - __main__ - INFO - Configuration: {'data_path': './data/ml-100k', 'decay_parameters': {'time_decay_rate': 0.1, 'usage_threshold': 3, 'time_weight': 0.4, 'usage_weight': 0.3, 'novelty_weight': 0.3, 'forgetting_factor': 0.5}, 'evaluation_metrics': ['hit_rate', 'precision', 'recall', 'mrr', 'ndcg', 'serendipity', 'novelty', 'diversity'], 'k_values': [5, 10, 20], 'test_ratio': 0.2, 'seed': 42, 'output_dir': './results', 'num_users': 50, 'temporal_split': False, 'test_days': 30}
2025-05-06 21:00:48,498 - ExperimentRunner - INFO - Initializing knowledge graph...
2025-05-06 21:00:48,537 - MovieLensKG - INFO - Loaded 100000 ratings from 943 users on 1682 movies
2025-05-06 21:00:48,537 - MovieLensKG - INFO - Building knowledge graph...
2025-05-06 21:00:51,714 - MovieLensKG - INFO - Adding movie similarity edges...
2025-05-06 21:00:52,368 - MovieLensKG - INFO - Added 271720 movie similarity edges
2025-05-06 21:00:52,368 - MovieLensKG - INFO - Building user profiles...
2025-05-06 21:00:53,193 - MovieLensKG - INFO - Knowledge graph built with 2625 nodes and 371720 edges
2025-05-06 21:00:53,194 - ExperimentRunner - INFO - Initializing forgetting mechanism...
2025-05-06 21:00:53,194 - ForgettingMechanism - INFO - Initializing memory strengths from ratings data...
2025-05-06 21:00:56,040 - ForgettingMechanism - INFO - Initialized memory strengths for 100000 user-item pairs
2025-05-06 21:00:56,041 - ExperimentRunner - INFO - Initializing evaluation metrics...
2025-05-06 21:00:56,041 - ExperimentRunner - INFO - Initializing visualization tool...
2025-05-06 21:00:56,041 - ExperimentRunner - INFO - Initialization complete.
2025-05-06 21:00:56,041 - __main__ - INFO - Starting experiment: baseline_comparison
2025-05-06 21:00:56,041 - ExperimentRunner - INFO - Running baseline comparison experiment...
2025-05-06 21:00:56,041 - ExperimentRunner - INFO - Creating random train-test split with 0.2 test ratio...
2025-05-06 21:00:59,417 - MovieLensKG - INFO - Building user profiles...
2025-05-06 21:01:00,145 - ExperimentRunner - INFO - Prepared test data for 50 users
2025-05-06 21:08:46,873 - ExperimentRunner - INFO - Baseline comparison complete. Results saved to ./results/baseline_comparison_results.csv
2025-05-06 21:08:46,873 - __main__ - INFO - Completed experiment: baseline_comparison in 470.83 seconds
2025-05-06 21:08:46,873 - __main__ - INFO - Starting experiment: temporal_evaluation
2025-05-06 21:08:46,873 - ExperimentRunner - INFO - Running temporal evaluation experiment...
2025-05-06 21:08:46,873 - ExperimentRunner - INFO - Creating random train-test split with 0.2 test ratio...
2025-05-06 21:08:49,577 - MovieLensKG - INFO - Building user profiles...
2025-05-06 21:08:50,233 - ExperimentRunner - INFO - Prepared test data for 50 users
2025-05-06 21:08:50,234 - ExperimentRunner - INFO - Running temporal evaluation for user 416...
2025-05-06 21:08:56,843 - ExperimentRunner - INFO - Running temporal evaluation for user 393...
2025-05-06 21:09:04,030 - ExperimentRunner - INFO - Running temporal evaluation for user 324...
2025-05-06 21:09:10,804 - ExperimentRunner - INFO - Running temporal evaluation for user 817...
2025-05-06 21:09:17,934 - ExperimentRunner - INFO - Running temporal evaluation for user 352...
2025-05-06 21:09:24,789 - ExperimentRunner - INFO - Temporal evaluation complete for 5 users
2025-05-06 21:09:24,789 - __main__ - INFO - Completed experiment: temporal_evaluation in 37.92 seconds
2025-05-06 21:09:24,789 - __main__ - INFO - Starting experiment: parameter_sensitivity
2025-05-06 21:09:24,789 - ExperimentRunner - INFO - Running parameter sensitivity experiment...
2025-05-06 21:09:24,789 - ExperimentRunner - INFO - Creating random train-test split with 0.2 test ratio...
2025-05-06 21:09:27,621 - MovieLensKG - INFO - Building user profiles...
2025-05-06 21:09:28,253 - ExperimentRunner - INFO - Prepared test data for 50 users
2025-05-06 21:09:28,253 - ExperimentRunner - INFO - Testing different time weights...
2025-05-06 21:11:04,439 - ExperimentRunner - INFO - Testing different decay rates...
2025-05-06 21:12:40,410 - ExperimentRunner - INFO - Testing different forgetting factors...
2025-05-06 21:14:19,748 - ExperimentRunner - INFO - Parameter sensitivity experiment complete. Results saved to ./results/parameter_sensitivity_results.csv
2025-05-06 21:14:19,749 - __main__ - INFO - Completed experiment: parameter_sensitivity in 294.96 seconds
2025-05-06 21:14:19,749 - __main__ - INFO - Starting experiment: privacy_impact
2025-05-06 21:14:19,749 - ExperimentRunner - INFO - Running privacy impact experiment...
2025-05-06 21:14:19,749 - ExperimentRunner - INFO - Creating random train-test split with 0.2 test ratio...
2025-05-06 21:14:22,309 - MovieLensKG - INFO - Building user profiles...
2025-05-06 21:14:22,858 - ExperimentRunner - INFO - Prepared test data for 50 users
2025-05-06 21:14:23,146 - MovieLensKG - INFO - Building user profiles...
2025-05-06 21:14:23,697 - ForgettingMechanism - INFO - Initializing memory strengths from ratings data...
2025-05-06 21:14:24,950 - ForgettingMechanism - INFO - Initialized memory strengths for 99957 user-item pairs
2025-05-06 21:14:25,245 - MovieLensKG - INFO - Building user profiles...
2025-05-06 21:14:25,787 - ForgettingMechanism - INFO - Initializing memory strengths from ratings data...
2025-05-06 21:14:27,108 - ForgettingMechanism - INFO - Initialized memory strengths for 99914 user-item pairs
2025-05-06 21:14:27,410 - MovieLensKG - INFO - Building user profiles...
2025-05-06 21:14:27,987 - ForgettingMechanism - INFO - Initializing memory strengths from ratings data...
2025-05-06 21:14:29,311 - ForgettingMechanism - INFO - Initialized memory strengths for 99883 user-item pairs
2025-05-06 21:14:29,629 - MovieLensKG - INFO - Building user profiles...
2025-05-06 21:14:30,263 - ForgettingMechanism - INFO - Initializing memory strengths from ratings data...
2025-05-06 21:14:31,613 - ForgettingMechanism - INFO - Initialized memory strengths for 99854 user-item pairs
2025-05-06 21:14:31,931 - MovieLensKG - INFO - Building user profiles...
2025-05-06 21:14:32,507 - ForgettingMechanism - INFO - Initializing memory strengths from ratings data...
2025-05-06 21:14:33,767 - ForgettingMechanism - INFO - Initialized memory strengths for 99842 user-item pairs
2025-05-06 21:14:34,037 - MovieLensKG - INFO - Building user profiles...
2025-05-06 21:14:34,585 - ForgettingMechanism - INFO - Initializing memory strengths from ratings data...
2025-05-06 21:14:35,844 - ForgettingMechanism - INFO - Initialized memory strengths for 99662 user-item pairs
2025-05-06 21:14:36,129 - MovieLensKG - INFO - Building user profiles...
2025-05-06 21:14:36,701 - ForgettingMechanism - INFO - Initializing memory strengths from ratings data...
2025-05-06 21:14:37,985 - ForgettingMechanism - INFO - Initialized memory strengths for 99580 user-item pairs
2025-05-06 21:14:38,278 - MovieLensKG - INFO - Building user profiles...
2025-05-06 21:14:38,838 - ForgettingMechanism - INFO - Initializing memory strengths from ratings data...
2025-05-06 21:14:40,103 - ForgettingMechanism - INFO - Initialized memory strengths for 99567 user-item pairs
2025-05-06 21:14:40,398 - MovieLensKG - INFO - Building user profiles...
2025-05-06 21:14:40,946 - ForgettingMechanism - INFO - Initializing memory strengths from ratings data...
2025-05-06 21:14:42,196 - ForgettingMechanism - INFO - Initialized memory strengths for 99556 user-item pairs
2025-05-06 21:14:42,487 - MovieLensKG - INFO - Building user profiles...
2025-05-06 21:14:43,046 - ForgettingMechanism - INFO - Initializing memory strengths from ratings data...
2025-05-06 21:14:44,316 - ForgettingMechanism - INFO - Initialized memory strengths for 99531 user-item pairs
2025-05-06 21:14:44,613 - MovieLensKG - INFO - Building user profiles...
2025-05-06 21:14:45,216 - ForgettingMechanism - INFO - Initializing memory strengths from ratings data...
2025-05-06 21:14:46,516 - ForgettingMechanism - INFO - Initialized memory strengths for 99519 user-item pairs
2025-05-06 21:14:46,819 - MovieLensKG - INFO - Building user profiles...
2025-05-06 21:14:47,370 - ForgettingMechanism - INFO - Initializing memory strengths from ratings data...
2025-05-06 21:14:48,634 - ForgettingMechanism - INFO - Initialized memory strengths for 99478 user-item pairs
2025-05-06 21:14:48,923 - MovieLensKG - INFO - Building user profiles...
2025-05-06 21:14:49,476 - ForgettingMechanism - INFO - Initializing memory strengths from ratings data...
2025-05-06 21:14:50,725 - ForgettingMechanism - INFO - Initialized memory strengths for 99466 user-item pairs
2025-05-06 21:14:51,012 - MovieLensKG - INFO - Building user profiles...
2025-05-06 21:14:51,569 - ForgettingMechanism - INFO - Initializing memory strengths from ratings data...
2025-05-06 21:14:52,825 - ForgettingMechanism - INFO - Initialized memory strengths for 99404 user-item pairs
2025-05-06 21:14:53,111 - MovieLensKG - INFO - Building user profiles...
2025-05-06 21:14:53,663 - ForgettingMechanism - INFO - Initializing memory strengths from ratings data...
2025-05-06 21:14:54,924 - ForgettingMechanism - INFO - Initialized memory strengths for 99377 user-item pairs
2025-05-06 21:14:55,217 - MovieLensKG - INFO - Building user profiles...
2025-05-06 21:14:55,782 - ForgettingMechanism - INFO - Initializing memory strengths from ratings data...
2025-05-06 21:14:57,048 - ForgettingMechanism - INFO - Initialized memory strengths for 99356 user-item pairs
2025-05-06 21:14:57,339 - MovieLensKG - INFO - Building user profiles...
2025-05-06 21:14:57,894 - ForgettingMechanism - INFO - Initializing memory strengths from ratings data...
2025-05-06 21:14:59,191 - ForgettingMechanism - INFO - Initialized memory strengths for 99342 user-item pairs
2025-05-06 21:14:59,485 - MovieLensKG - INFO - Building user profiles...
2025-05-06 21:15:00,042 - ForgettingMechanism - INFO - Initializing memory strengths from ratings data...
2025-05-06 21:15:01,304 - ForgettingMechanism - INFO - Initialized memory strengths for 99324 user-item pairs
2025-05-06 21:15:01,591 - MovieLensKG - INFO - Building user profiles...
2025-05-06 21:15:02,148 - ForgettingMechanism - INFO - Initializing memory strengths from ratings data...
2025-05-06 21:15:03,419 - ForgettingMechanism - INFO - Initialized memory strengths for 99270 user-item pairs
2025-05-06 21:15:03,699 - MovieLensKG - INFO - Building user profiles...
2025-05-06 21:15:04,255 - ForgettingMechanism - INFO - Initializing memory strengths from ratings data...
2025-05-06 21:15:05,566 - ForgettingMechanism - INFO - Initialized memory strengths for 99155 user-item pairs
2025-05-06 21:15:06,161 - MovieLensKG - INFO - Building user profiles...
2025-05-06 21:15:06,755 - ForgettingMechanism - INFO - Initializing memory strengths from ratings data...
2025-05-06 21:15:08,055 - ForgettingMechanism - INFO - Initialized memory strengths for 99155 user-item pairs
2025-05-06 21:15:08,703 - MovieLensKG - INFO - Building user profiles...
2025-05-06 21:15:09,293 - ForgettingMechanism - INFO - Initializing memory strengths from ratings data...
2025-05-06 21:15:10,579 - ForgettingMechanism - INFO - Initialized memory strengths for 99155 user-item pairs
2025-05-06 21:15:11,143 - MovieLensKG - INFO - Building user profiles...
2025-05-06 21:15:11,700 - ForgettingMechanism - INFO - Initializing memory strengths from ratings data...
2025-05-06 21:15:12,956 - ForgettingMechanism - INFO - Initialized memory strengths for 99155 user-item pairs
2025-05-06 21:15:13,523 - MovieLensKG - INFO - Building user profiles...
2025-05-06 21:15:14,251 - ForgettingMechanism - INFO - Initializing memory strengths from ratings data...
2025-05-06 21:15:15,505 - ForgettingMechanism - INFO - Initialized memory strengths for 99155 user-item pairs
2025-05-06 21:15:16,088 - MovieLensKG - INFO - Building user profiles...
2025-05-06 21:15:16,651 - ForgettingMechanism - INFO - Initializing memory strengths from ratings data...
2025-05-06 21:15:17,917 - ForgettingMechanism - INFO - Initialized memory strengths for 99155 user-item pairs
2025-05-06 21:15:18,493 - MovieLensKG - INFO - Building user profiles...
2025-05-06 21:15:19,138 - ForgettingMechanism - INFO - Initializing memory strengths from ratings data...
2025-05-06 21:15:20,540 - ForgettingMechanism - INFO - Initialized memory strengths for 99155 user-item pairs
2025-05-06 21:15:21,092 - MovieLensKG - INFO - Building user profiles...
2025-05-06 21:15:21,658 - ForgettingMechanism - INFO - Initializing memory strengths from ratings data...
2025-05-06 21:15:22,938 - ForgettingMechanism - INFO - Initialized memory strengths for 99155 user-item pairs
2025-05-06 21:15:23,520 - MovieLensKG - INFO - Building user profiles...
2025-05-06 21:15:24,085 - ForgettingMechanism - INFO - Initializing memory strengths from ratings data...
2025-05-06 21:15:25,386 - ForgettingMechanism - INFO - Initialized memory strengths for 99155 user-item pairs
2025-05-06 21:15:25,961 - MovieLensKG - INFO - Building user profiles...
2025-05-06 21:15:26,531 - ForgettingMechanism - INFO - Initializing memory strengths from ratings data...
2025-05-06 21:15:27,796 - ForgettingMechanism - INFO - Initialized memory strengths for 99155 user-item pairs
2025-05-06 21:15:28,375 - MovieLensKG - INFO - Building user profiles...
2025-05-06 21:15:28,957 - ForgettingMechanism - INFO - Initializing memory strengths from ratings data...
2025-05-06 21:15:30,212 - ForgettingMechanism - INFO - Initialized memory strengths for 99155 user-item pairs
2025-05-06 21:15:30,783 - MovieLensKG - INFO - Building user profiles...
2025-05-06 21:15:31,372 - ForgettingMechanism - INFO - Initializing memory strengths from ratings data...
2025-05-06 21:15:32,637 - ForgettingMechanism - INFO - Initialized memory strengths for 99155 user-item pairs
2025-05-06 21:15:33,192 - MovieLensKG - INFO - Building user profiles...
2025-05-06 21:15:33,771 - ForgettingMechanism - INFO - Initializing memory strengths from ratings data...
2025-05-06 21:15:35,089 - ForgettingMechanism - INFO - Initialized memory strengths for 99155 user-item pairs
2025-05-06 21:15:35,672 - MovieLensKG - INFO - Building user profiles...
2025-05-06 21:15:36,268 - ForgettingMechanism - INFO - Initializing memory strengths from ratings data...
2025-05-06 21:15:37,599 - ForgettingMechanism - INFO - Initialized memory strengths for 99155 user-item pairs
2025-05-06 21:15:38,181 - MovieLensKG - INFO - Building user profiles...
2025-05-06 21:15:38,778 - ForgettingMechanism - INFO - Initializing memory strengths from ratings data...
2025-05-06 21:15:40,082 - ForgettingMechanism - INFO - Initialized memory strengths for 99155 user-item pairs
2025-05-06 21:15:40,662 - MovieLensKG - INFO - Building user profiles...
2025-05-06 21:15:41,268 - ForgettingMechanism - INFO - Initializing memory strengths from ratings data...
2025-05-06 21:15:42,580 - ForgettingMechanism - INFO - Initialized memory strengths for 99155 user-item pairs
2025-05-06 21:15:43,172 - MovieLensKG - INFO - Building user profiles...
2025-05-06 21:15:43,775 - ForgettingMechanism - INFO - Initializing memory strengths from ratings data...
2025-05-06 21:15:45,078 - ForgettingMechanism - INFO - Initialized memory strengths for 99155 user-item pairs
2025-05-06 21:15:45,653 - MovieLensKG - INFO - Building user profiles...
2025-05-06 21:15:46,245 - ForgettingMechanism - INFO - Initializing memory strengths from ratings data...
2025-05-06 21:15:47,541 - ForgettingMechanism - INFO - Initialized memory strengths for 99155 user-item pairs
2025-05-06 21:15:48,114 - MovieLensKG - INFO - Building user profiles...
2025-05-06 21:15:48,671 - ForgettingMechanism - INFO - Initializing memory strengths from ratings data...
2025-05-06 21:15:49,933 - ForgettingMechanism - INFO - Initialized memory strengths for 99155 user-item pairs
2025-05-06 21:15:50,487 - MovieLensKG - INFO - Building user profiles...
2025-05-06 21:15:51,052 - ForgettingMechanism - INFO - Initializing memory strengths from ratings data...
2025-05-06 21:15:52,329 - ForgettingMechanism - INFO - Initialized memory strengths for 99155 user-item pairs
2025-05-06 21:15:52,877 - MovieLensKG - INFO - Building user profiles...
2025-05-06 21:15:53,448 - ForgettingMechanism - INFO - Initializing memory strengths from ratings data...
2025-05-06 21:15:54,728 - ForgettingMechanism - INFO - Initialized memory strengths for 99155 user-item pairs
2025-05-06 21:15:55,657 - ExperimentRunner - INFO - Privacy impact experiment complete.
2025-05-06 21:15:55,658 - __main__ - INFO - Completed experiment: privacy_impact in 95.91 seconds
2025-05-06 21:15:55,658 - __main__ - INFO - Starting experiment: scalability_test
2025-05-06 21:15:55,658 - ExperimentRunner - INFO - Running scalability test...
2025-05-06 21:15:55,660 - ForgettingMechanism - INFO - Initializing memory strengths from ratings data...
2025-05-06 21:15:55,682 - ForgettingMechanism - INFO - Initialized memory strengths for 99155 user-item pairs
2025-05-06 21:15:55,683 - ForgettingMechanism - INFO - Benchmarking with 10 users and 688 interactions
2025-05-06 21:15:55,683 - ForgettingMechanism - INFO - Benchmarking time_based strategy...
2025-05-06 21:15:55,869 - ForgettingMechanism - INFO - Benchmarking ebbinghaus strategy...
2025-05-06 21:15:57,312 - ForgettingMechanism - INFO - Benchmarking power_law strategy...
2025-05-06 21:15:57,505 - ForgettingMechanism - INFO - Benchmarking usage_based strategy...
2025-05-06 21:15:57,672 - ForgettingMechanism - INFO - Benchmarking step_function strategy...
2025-05-06 21:15:57,854 - ForgettingMechanism - INFO - Benchmarking hybrid strategy...
2025-05-06 21:15:58,056 - ForgettingMechanism - INFO - Initializing memory strengths from ratings data...
2025-05-06 21:15:59,440 - ForgettingMechanism - INFO - Initialized memory strengths for 99155 user-item pairs
2025-05-06 21:15:59,442 - ForgettingMechanism - INFO - Initializing memory strengths from ratings data...
2025-05-06 21:15:59,566 - ForgettingMechanism - INFO - Initialized memory strengths for 99155 user-item pairs
2025-05-06 21:15:59,567 - ForgettingMechanism - INFO - Benchmarking with 50 users and 3876 interactions
2025-05-06 21:15:59,567 - ForgettingMechanism - INFO - Benchmarking time_based strategy...
2025-05-06 21:16:00,509 - ForgettingMechanism - INFO - Benchmarking ebbinghaus strategy...
2025-05-06 21:16:08,413 - ForgettingMechanism - INFO - Benchmarking power_law strategy...
2025-05-06 21:16:09,376 - ForgettingMechanism - INFO - Benchmarking usage_based strategy...
2025-05-06 21:16:10,263 - ForgettingMechanism - INFO - Benchmarking step_function strategy...
2025-05-06 21:16:11,259 - ForgettingMechanism - INFO - Benchmarking hybrid strategy...
2025-05-06 21:16:12,234 - ForgettingMechanism - INFO - Initializing memory strengths from ratings data...
2025-05-06 21:16:13,511 - ForgettingMechanism - INFO - Initialized memory strengths for 99155 user-item pairs
2025-05-06 21:16:13,513 - ForgettingMechanism - INFO - Initializing memory strengths from ratings data...
2025-05-06 21:16:13,736 - ForgettingMechanism - INFO - Initialized memory strengths for 99155 user-item pairs
2025-05-06 21:16:13,736 - ForgettingMechanism - INFO - Benchmarking with 100 users and 7319 interactions
2025-05-06 21:16:13,736 - ForgettingMechanism - INFO - Benchmarking time_based strategy...
2025-05-06 21:16:15,600 - ForgettingMechanism - INFO - Benchmarking ebbinghaus strategy...
2025-05-06 21:16:30,614 - ForgettingMechanism - INFO - Benchmarking power_law strategy...
2025-05-06 21:16:32,480 - ForgettingMechanism - INFO - Benchmarking usage_based strategy...
2025-05-06 21:16:34,236 - ForgettingMechanism - INFO - Benchmarking step_function strategy...
2025-05-06 21:16:36,103 - ForgettingMechanism - INFO - Benchmarking hybrid strategy...
2025-05-06 21:16:38,006 - ForgettingMechanism - INFO - Initializing memory strengths from ratings data...
2025-05-06 21:16:39,313 - ForgettingMechanism - INFO - Initialized memory strengths for 99155 user-item pairs
2025-05-06 21:16:39,315 - ForgettingMechanism - INFO - Initializing memory strengths from ratings data...
2025-05-06 21:16:39,685 - ForgettingMechanism - INFO - Initialized memory strengths for 99155 user-item pairs
2025-05-06 21:16:39,685 - ForgettingMechanism - INFO - Benchmarking with 200 users and 12099 interactions
2025-05-06 21:16:39,685 - ForgettingMechanism - INFO - Benchmarking time_based strategy...
2025-05-06 21:16:43,326 - ForgettingMechanism - INFO - Benchmarking ebbinghaus strategy...
2025-05-06 21:17:09,006 - ForgettingMechanism - INFO - Benchmarking power_law strategy...
2025-05-06 21:17:12,629 - ForgettingMechanism - INFO - Benchmarking usage_based strategy...
2025-05-06 21:17:16,015 - ForgettingMechanism - INFO - Benchmarking step_function strategy...
2025-05-06 21:17:19,527 - ForgettingMechanism - INFO - Benchmarking hybrid strategy...
2025-05-06 21:17:23,080 - ForgettingMechanism - INFO - Initializing memory strengths from ratings data...
2025-05-06 21:17:24,353 - ForgettingMechanism - INFO - Initialized memory strengths for 99155 user-item pairs
2025-05-06 21:17:24,355 - ForgettingMechanism - INFO - Initializing memory strengths from ratings data...
2025-05-06 21:17:24,388 - ForgettingMechanism - INFO - Initialized memory strengths for 99155 user-item pairs
2025-05-06 21:17:24,388 - ForgettingMechanism - INFO - Benchmarking with 506 users and 1000 interactions
2025-05-06 21:17:24,388 - ForgettingMechanism - INFO - Benchmarking time_based strategy...
2025-05-06 21:17:32,918 - ForgettingMechanism - INFO - Benchmarking ebbinghaus strategy...
2025-05-06 21:18:31,322 - ForgettingMechanism - INFO - Benchmarking power_law strategy...
2025-05-06 21:18:39,941 - ForgettingMechanism - INFO - Benchmarking usage_based strategy...
2025-05-06 21:18:47,709 - ForgettingMechanism - INFO - Benchmarking step_function strategy...
2025-05-06 21:18:56,082 - ForgettingMechanism - INFO - Benchmarking hybrid strategy...
2025-05-06 21:19:04,430 - ForgettingMechanism - INFO - Initializing memory strengths from ratings data...
2025-05-06 21:19:05,685 - ForgettingMechanism - INFO - Initialized memory strengths for 99155 user-item pairs
2025-05-06 21:19:05,687 - ForgettingMechanism - INFO - Initializing memory strengths from ratings data...
2025-05-06 21:19:05,841 - ForgettingMechanism - INFO - Initialized memory strengths for 99155 user-item pairs
2025-05-06 21:19:05,841 - ForgettingMechanism - INFO - Benchmarking with 870 users and 5000 interactions
2025-05-06 21:19:05,841 - ForgettingMechanism - INFO - Benchmarking time_based strategy...
2025-05-06 21:19:20,152 - ForgettingMechanism - INFO - Benchmarking ebbinghaus strategy...
2025-05-06 21:20:40,913 - ForgettingMechanism - INFO - Benchmarking power_law strategy...
2025-05-06 21:20:54,172 - ForgettingMechanism - INFO - Benchmarking usage_based strategy...
2025-05-06 21:21:07,687 - ForgettingMechanism - INFO - Benchmarking step_function strategy...
2025-05-06 21:21:21,272 - ForgettingMechanism - INFO - Benchmarking hybrid strategy...
2025-05-06 21:21:34,788 - ForgettingMechanism - INFO - Initializing memory strengths from ratings data...
2025-05-06 21:21:36,074 - ForgettingMechanism - INFO - Initialized memory strengths for 99155 user-item pairs
2025-05-06 21:21:36,076 - ForgettingMechanism - INFO - Initializing memory strengths from ratings data...
2025-05-06 21:21:36,382 - ForgettingMechanism - INFO - Initialized memory strengths for 99155 user-item pairs
2025-05-06 21:21:36,383 - ForgettingMechanism - INFO - Benchmarking with 928 users and 10000 interactions
2025-05-06 21:21:36,383 - ForgettingMechanism - INFO - Benchmarking time_based strategy...
2025-05-06 21:21:51,040 - ForgettingMechanism - INFO - Benchmarking ebbinghaus strategy...
2025-05-06 21:23:18,281 - ForgettingMechanism - INFO - Benchmarking power_law strategy...
2025-05-06 21:23:33,133 - ForgettingMechanism - INFO - Benchmarking usage_based strategy...
2025-05-06 21:23:48,175 - ForgettingMechanism - INFO - Benchmarking step_function strategy...
2025-05-06 21:24:03,423 - ForgettingMechanism - INFO - Benchmarking hybrid strategy...
2025-05-06 21:24:19,703 - ForgettingMechanism - INFO - Initializing memory strengths from ratings data...
2025-05-06 21:24:21,069 - ForgettingMechanism - INFO - Initialized memory strengths for 99155 user-item pairs
2025-05-06 21:24:21,070 - ExperimentRunner - INFO - Visualizing scalability results...
2025-05-06 21:24:21,221 - ExperimentRunner - INFO - Saved user scalability visualization to ./results/scalability_users.png
2025-05-06 21:24:21,380 - ExperimentRunner - INFO - Saved interaction scalability visualization to ./results/scalability_interactions.png
2025-05-06 21:24:21,381 - ExperimentRunner - INFO - Scalability test complete.
2025-05-06 21:24:21,381 - __main__ - INFO - Completed experiment: scalability_test in 505.72 seconds
2025-05-06 21:24:21,381 - __main__ - INFO - Starting experiment: user_segmentation
2025-05-06 21:24:21,381 - ExperimentRunner - INFO - Running user segmentation analysis...
2025-05-06 21:24:21,381 - ExperimentRunner - INFO - Creating random train-test split with 0.2 test ratio...
2025-05-06 21:24:23,585 - MovieLensKG - INFO - Building user profiles...
2025-05-06 21:24:24,119 - ExperimentRunner - INFO - Prepared test data for 50 users
2025-05-06 21:24:24,137 - ExperimentRunner - INFO - Evaluating high_activity segment with 25 users...
2025-05-06 21:24:24,138 - ExperimentRunner - INFO - Evaluating Time-Decay on high_activity segment...
2025-05-06 21:24:35,619 - ExperimentRunner - INFO - Evaluating Usage-Based on high_activity segment...
2025-05-06 21:24:47,369 - ExperimentRunner - INFO - Evaluating Hybrid-Decay on high_activity segment...
2025-05-06 21:24:58,937 - ExperimentRunner - INFO - Evaluating Personalized on high_activity segment...
2025-05-06 21:25:10,976 - ExperimentRunner - INFO - Evaluating low_activity segment with 25 users...
2025-05-06 21:25:10,976 - ExperimentRunner - INFO - Evaluating Time-Decay on low_activity segment...
2025-05-06 21:25:22,026 - ExperimentRunner - INFO - Evaluating Usage-Based on low_activity segment...
2025-05-06 21:25:33,284 - ExperimentRunner - INFO - Evaluating Hybrid-Decay on low_activity segment...
2025-05-06 21:25:44,774 - ExperimentRunner - INFO - Evaluating Personalized on low_activity segment...
2025-05-06 21:25:56,488 - ExperimentRunner - INFO - Evaluating diverse_taste segment with 25 users...
2025-05-06 21:25:56,488 - ExperimentRunner - INFO - Evaluating Time-Decay on diverse_taste segment...
2025-05-06 21:26:07,821 - ExperimentRunner - INFO - Evaluating Usage-Based on diverse_taste segment...
2025-05-06 21:26:18,899 - ExperimentRunner - INFO - Evaluating Hybrid-Decay on diverse_taste segment...
2025-05-06 21:26:30,030 - ExperimentRunner - INFO - Evaluating Personalized on diverse_taste segment...
2025-05-06 21:26:41,543 - ExperimentRunner - INFO - Evaluating focused_taste segment with 25 users...
2025-05-06 21:26:41,543 - ExperimentRunner - INFO - Evaluating Time-Decay on focused_taste segment...
2025-05-06 21:26:52,830 - ExperimentRunner - INFO - Evaluating Usage-Based on focused_taste segment...
2025-05-06 21:27:04,137 - ExperimentRunner - INFO - Evaluating Hybrid-Decay on focused_taste segment...
2025-05-06 21:27:15,263 - ExperimentRunner - INFO - Evaluating Personalized on focused_taste segment...
2025-05-06 21:27:26,566 - ExperimentRunner - INFO - Evaluating new_users segment with 25 users...
2025-05-06 21:27:26,567 - ExperimentRunner - INFO - Evaluating Time-Decay on new_users segment...
2025-05-06 21:27:37,844 - ExperimentRunner - INFO - Evaluating Usage-Based on new_users segment...
2025-05-06 21:27:49,013 - ExperimentRunner - INFO - Evaluating Hybrid-Decay on new_users segment...
2025-05-06 21:28:12,672 - ExperimentRunner - INFO - Evaluating Personalized on new_users segment...
2025-05-06 21:28:24,190 - ExperimentRunner - INFO - Evaluating established_users segment with 25 users...
2025-05-06 21:28:24,190 - ExperimentRunner - INFO - Evaluating Time-Decay on established_users segment...
2025-05-06 21:28:32,326 - ExperimentRunner - INFO - Evaluating Usage-Based on established_users segment...
2025-05-06 21:28:40,321 - ExperimentRunner - INFO - Evaluating Hybrid-Decay on established_users segment...
2025-05-06 21:28:48,236 - ExperimentRunner - INFO - Evaluating Personalized on established_users segment...
2025-05-06 21:28:56,873 - ExperimentRunner - INFO - User segmentation analysis complete.
2025-05-06 21:28:56,873 - __main__ - INFO - Completed experiment: user_segmentation in 275.49 seconds
2025-05-06 21:28:56,894 - __main__ - INFO - Report generated and saved to ./results/experiment_report.json
2025-05-06 21:28:56,894 - __main__ - INFO - All experiments completed successfully
2025-05-06 23:15:44,643 - __main__ - INFO - Starting Forgetting Mechanism for Recommendation Systems
2025-05-06 23:15:44,643 - __main__ - INFO - Configuration: {'data_path': './ml-100k', 'decay_parameters': {'time_decay_rate': 0.1, 'usage_threshold': 3, 'time_weight': 0.4, 'usage_weight': 0.3, 'novelty_weight': 0.3, 'forgetting_factor': 0.5}, 'evaluation_metrics': ['hit_rate', 'precision', 'recall', 'mrr', 'ndcg', 'serendipity', 'novelty', 'diversity'], 'k_values': [5, 10, 20], 'test_ratio': 0.2, 'seed': 42, 'output_dir': './results', 'num_users': 50, 'temporal_split': False, 'test_days': 30}
2025-05-06 23:15:44,643 - __main__ - INFO - Using dataset: 100k from path: ./ml-100k
2025-05-06 23:15:44,644 - ExperimentRunner - INFO - Initializing knowledge graph...
2025-05-06 23:15:44,645 - MovieLensKG - ERROR - Error loading data: [Errno 2] No such file or directory: './ml-100k/u.data'
2025-05-06 23:15:44,645 - ExperimentRunner - ERROR - Failed to load data. Exiting.
2025-05-06 23:15:44,645 - __main__ - INFO - Starting experiment: improved_baseline_comparison
2025-05-06 23:15:44,645 - ExperimentRunner - INFO - Running improved baseline comparison experiment...
2025-05-06 23:15:44,645 - ExperimentRunner - INFO - Creating random train-test split with 0.2 test ratio...
2025-05-06 23:15:44,645 - __main__ - ERROR - Error in experiment improved_baseline_comparison: 'NoneType' object is not subscriptable
2025-05-06 23:15:44,645 - __main__ - INFO - Starting experiment: parameter_optimization
2025-05-06 23:15:44,645 - ExperimentRunner - INFO - Running parameter optimization experiment...
2025-05-06 23:15:44,645 - ExperimentRunner - INFO - Creating random train-test split with 0.2 test ratio...
2025-05-06 23:15:44,645 - __main__ - ERROR - Error in experiment parameter_optimization: 'NoneType' object is not subscriptable
2025-05-06 23:15:44,645 - __main__ - INFO - Report generated and saved to ./results/experiment_report.json
2025-05-06 23:15:44,645 - __main__ - INFO - Running memory decay rate comparison...
2025-05-06 23:15:44,645 - ExperimentRunner - INFO - Initializing knowledge graph...
2025-05-06 23:15:44,646 - MovieLensKG - ERROR - Error loading data: [Errno 2] No such file or directory: './ml-100k/u.data'
2025-05-06 23:15:44,646 - ExperimentRunner - ERROR - Failed to load data. Exiting.
2025-05-06 23:15:44,646 - ExperimentRunner - INFO - Comparing different memory decay rates...
2025-05-06 23:15:44,647 - ExperimentRunner - INFO - Decay rate comparison complete. Results saved to ./results/decay_rate_comparison.csv
2025-05-06 23:25:36,120 - __main__ - INFO - Starting Forgetting Mechanism for Recommendation Systems
2025-05-06 23:25:36,120 - __main__ - INFO - Configuration: {'data_path': './ml-100k', 'decay_parameters': {'time_decay_rate': 0.1, 'usage_threshold': 3, 'time_weight': 0.4, 'usage_weight': 0.3, 'novelty_weight': 0.3, 'forgetting_factor': 0.5}, 'evaluation_metrics': ['hit_rate', 'precision', 'recall', 'mrr', 'ndcg', 'serendipity', 'novelty', 'diversity'], 'k_values': [5, 10, 20], 'test_ratio': 0.2, 'seed': 42, 'output_dir': './results', 'num_users': 50, 'temporal_split': False, 'test_days': 30}
2025-05-06 23:25:36,120 - __main__ - INFO - Using dataset: 100k from path: ./ml-100k
2025-05-06 23:25:36,120 - ExperimentRunner - INFO - Initializing knowledge graph...
2025-05-06 23:25:36,122 - MovieLensKG - ERROR - Error loading data: [Errno 2] No such file or directory: './ml-100k/u.data'
2025-05-06 23:25:36,122 - ExperimentRunner - ERROR - Failed to load data. Exiting.
2025-05-06 23:25:36,122 - __main__ - INFO - Starting experiment: improved_baseline_comparison
2025-05-06 23:25:36,122 - ExperimentRunner - INFO - Running improved baseline comparison experiment...
2025-05-06 23:25:36,122 - ExperimentRunner - INFO - Creating random train-test split with 0.2 test ratio...
2025-05-06 23:25:36,122 - __main__ - ERROR - Error in experiment improved_baseline_comparison: 'NoneType' object is not subscriptable
2025-05-06 23:25:36,122 - __main__ - INFO - Starting experiment: parameter_optimization
2025-05-06 23:25:36,122 - ExperimentRunner - INFO - Running parameter optimization experiment...
2025-05-06 23:25:36,122 - ExperimentRunner - INFO - Creating random train-test split with 0.2 test ratio...
2025-05-06 23:25:36,122 - __main__ - ERROR - Error in experiment parameter_optimization: 'NoneType' object is not subscriptable
2025-05-06 23:25:36,122 - __main__ - INFO - Report generated and saved to ./results/experiment_report.json
2025-05-06 23:25:36,122 - __main__ - INFO - Running memory decay rate comparison...
2025-05-06 23:25:36,122 - ExperimentRunner - INFO - Initializing knowledge graph...
2025-05-06 23:25:36,122 - MovieLensKG - ERROR - Error loading data: [Errno 2] No such file or directory: './ml-100k/u.data'
2025-05-06 23:25:36,122 - ExperimentRunner - ERROR - Failed to load data. Exiting.
2025-05-06 23:25:36,123 - ExperimentRunner - INFO - Comparing different memory decay rates...
2025-05-06 23:25:36,124 - ExperimentRunner - INFO - Decay rate comparison complete. Results saved to ./results/decay_rate_comparison.csv
2025-05-06 23:28:00,878 - __main__ - INFO - Starting Forgetting Mechanism for Recommendation Systems using MovieLens 100k
2025-05-06 23:28:00,878 - __main__ - INFO - Configuration: {'data_path': './ml-100k', 'decay_parameters': {'time_decay_rate': 0.1, 'usage_threshold': 3, 'time_weight': 0.4, 'usage_weight': 0.3, 'novelty_weight': 0.3, 'forgetting_factor': 0.5}, 'evaluation_metrics': ['hit_rate', 'precision', 'recall', 'mrr', 'ndcg', 'serendipity', 'novelty', 'diversity'], 'k_values': [5, 10, 20], 'test_ratio': 0.2, 'seed': 42, 'output_dir': './results', 'num_users': 50, 'temporal_split': False, 'test_days': 30}
2025-05-06 23:28:00,878 - __main__ - INFO - Using dataset: MovieLens 100k from path: ./ml-100k
2025-05-06 23:28:00,878 - ExperimentRunner - INFO - Initializing knowledge graph...
2025-05-06 23:28:00,879 - MovieLensKG - ERROR - Error loading data: [Errno 2] No such file or directory: './ml-100k/u.data'
2025-05-06 23:28:00,880 - ExperimentRunner - ERROR - Failed to load data. Exiting.
2025-05-06 23:28:00,880 - __main__ - INFO - Starting experiment: improved_baseline_comparison
2025-05-06 23:28:00,880 - ExperimentRunner - INFO - Running improved baseline comparison experiment...
2025-05-06 23:28:00,880 - ExperimentRunner - INFO - Creating random train-test split with 0.2 test ratio...
2025-05-06 23:28:00,880 - __main__ - ERROR - Error in experiment improved_baseline_comparison: 'NoneType' object is not subscriptable
2025-05-06 23:28:00,880 - __main__ - INFO - Starting experiment: parameter_optimization
2025-05-06 23:28:00,880 - ExperimentRunner - INFO - Running parameter optimization experiment...
2025-05-06 23:28:00,880 - ExperimentRunner - INFO - Creating random train-test split with 0.2 test ratio...
2025-05-06 23:28:00,880 - __main__ - ERROR - Error in experiment parameter_optimization: 'NoneType' object is not subscriptable
2025-05-06 23:28:00,880 - __main__ - INFO - Report generated and saved to ./results/experiment_report.json
2025-05-06 23:28:00,880 - __main__ - INFO - Running memory decay rate comparison...
2025-05-06 23:28:00,880 - ExperimentRunner - INFO - Initializing knowledge graph...
2025-05-06 23:28:00,880 - MovieLensKG - ERROR - Error loading data: [Errno 2] No such file or directory: './ml-100k/u.data'
2025-05-06 23:28:00,880 - ExperimentRunner - ERROR - Failed to load data. Exiting.
2025-05-06 23:28:00,880 - ExperimentRunner - INFO - Comparing different memory decay rates...
2025-05-06 23:28:00,882 - ExperimentRunner - INFO - Decay rate comparison complete. Results saved to ./results/decay_rate_comparison.csv
2025-05-06 23:28:00,882 - __main__ - ERROR - Error in decay rate comparison: 'NoneType' object has no attribute 'visualize_decay_comparison'
2025-05-06 23:28:00,882 - __main__ - INFO - All experiments completed successfully
2025-05-06 23:31:25,634 - __main__ - INFO - Starting Forgetting Mechanism for Recommendation Systems
2025-05-06 23:32:00,705 - __main__ - INFO - Starting Forgetting Mechanism for Recommendation Systems
2025-05-06 23:32:00,706 - __main__ - ERROR - Dataset verification failed: Dataset file not found: ./ml-100k/u.data
2025-05-06 23:32:00,706 - __main__ - ERROR - Please make sure the MovieLens 100k dataset is downloaded and extracted in the correct location
2025-05-06 23:32:00,706 - __main__ - ERROR - You can download it from: https://grouplens.org/datasets/movielens/100k/
2025-05-06 23:32:26,828 - __main__ - INFO - Starting Forgetting Mechanism for Recommendation Systems
2025-05-06 23:32:26,829 - __main__ - ERROR - Dataset verification failed: Dataset file not found: .data/ml-100k/u.data
2025-05-06 23:32:26,829 - __main__ - ERROR - Please make sure the MovieLens 100k dataset is downloaded and extracted in the correct location
2025-05-06 23:32:26,829 - __main__ - ERROR - You can download it from: https://grouplens.org/datasets/movielens/100k/
2025-05-06 23:33:39,998 - __main__ - INFO - Starting Forgetting Mechanism for Recommendation Systems
2025-05-06 23:33:39,999 - __main__ - INFO - Configuration: {'data_path': 'data/ml-100k', 'decay_parameters': {'time_decay_rate': 0.1, 'usage_threshold': 3, 'time_weight': 0.4, 'usage_weight': 0.3, 'novelty_weight': 0.3, 'forgetting_factor': 0.5}, 'evaluation_metrics': ['hit_rate', 'precision', 'recall', 'mrr', 'ndcg', 'serendipity', 'novelty', 'diversity'], 'k_values': [5, 10, 20], 'test_ratio': 0.2, 'seed': 42, 'output_dir': './results', 'num_users': 50, 'temporal_split': False, 'test_days': 30}
2025-05-06 23:33:39,999 - __main__ - INFO - Using dataset: MovieLens 100k from path: data/ml-100k
2025-05-06 23:33:39,999 - ExperimentRunner - INFO - Initializing knowledge graph...
2025-05-06 23:33:40,036 - MovieLensKG - INFO - Loaded 100000 ratings from 943 users on 1682 movies
2025-05-06 23:33:40,036 - MovieLensKG - INFO - Building knowledge graph...
2025-05-06 23:33:42,282 - MovieLensKG - INFO - Adding movie similarity edges...
2025-05-06 23:33:42,840 - MovieLensKG - INFO - Added 271720 movie similarity edges
2025-05-06 23:33:42,840 - MovieLensKG - INFO - Building user profiles...
2025-05-06 23:33:43,377 - MovieLensKG - INFO - Knowledge graph built with 2625 nodes and 371720 edges
2025-05-06 23:33:43,377 - ExperimentRunner - INFO - Initializing forgetting mechanism...
2025-05-06 23:33:43,377 - ForgettingMechanism - INFO - Initializing memory strengths from ratings data...
2025-05-06 23:33:45,308 - ForgettingMechanism - INFO - Initialized memory strengths for 100000 user-item pairs
2025-05-06 23:33:45,308 - ExperimentRunner - INFO - Initializing evaluation metrics...
2025-05-06 23:33:45,308 - ExperimentRunner - INFO - Initializing visualization tool...
2025-05-06 23:33:45,308 - ExperimentRunner - INFO - Initialization complete.
2025-05-06 23:33:45,308 - __main__ - INFO - Starting experiment: baseline_comparison
2025-05-06 23:33:45,309 - ExperimentRunner - INFO - Running baseline comparison experiment...
2025-05-06 23:33:45,309 - ExperimentRunner - INFO - Creating random train-test split with 0.2 test ratio...
2025-05-06 23:33:47,601 - MovieLensKG - INFO - Building user profiles...
2025-05-06 23:33:48,074 - ExperimentRunner - INFO - Prepared test data for 50 users
2025-05-06 23:39:04,928 - ExperimentRunner - INFO - Baseline comparison complete. Results saved to ./results/baseline_comparison_results.csv
2025-05-06 23:39:04,928 - __main__ - INFO - Completed experiment: baseline_comparison in 319.62 seconds
2025-05-06 23:39:04,928 - __main__ - INFO - Starting experiment: improved_baseline_comparison
2025-05-06 23:39:04,928 - ExperimentRunner - INFO - Running improved baseline comparison experiment...
2025-05-06 23:39:04,928 - ExperimentRunner - INFO - Creating random train-test split with 0.2 test ratio...
2025-05-06 23:39:07,040 - MovieLensKG - INFO - Building user profiles...
2025-05-06 23:39:07,531 - ExperimentRunner - INFO - Prepared test data for 50 users
2025-05-06 23:43:05,400 - ExperimentRunner - INFO - Improved baseline comparison complete. Results saved to ./results/improved_comparison_results.csv
2025-05-06 23:43:05,400 - __main__ - INFO - Completed experiment: improved_baseline_comparison in 240.47 seconds
2025-05-06 23:43:05,400 - __main__ - INFO - Starting experiment: temporal_evaluation
2025-05-06 23:43:05,400 - ExperimentRunner - INFO - Running temporal evaluation experiment...
2025-05-06 23:43:05,400 - ExperimentRunner - INFO - Creating random train-test split with 0.2 test ratio...
2025-05-06 23:43:07,196 - MovieLensKG - INFO - Building user profiles...
2025-05-06 23:43:07,649 - ExperimentRunner - INFO - Prepared test data for 50 users
2025-05-06 23:43:07,649 - ExperimentRunner - INFO - Running temporal evaluation for user 526...
2025-05-06 23:43:13,187 - ExperimentRunner - INFO - Running temporal evaluation for user 905...
2025-05-06 23:43:18,310 - ExperimentRunner - INFO - Running temporal evaluation for user 425...
2025-05-06 23:43:23,604 - ExperimentRunner - INFO - Running temporal evaluation for user 61...
2025-05-06 23:43:28,732 - ExperimentRunner - INFO - Running temporal evaluation for user 656...
2025-05-06 23:43:33,862 - ExperimentRunner - INFO - Temporal evaluation complete for 5 users
2025-05-06 23:43:33,862 - __main__ - INFO - Completed experiment: temporal_evaluation in 28.46 seconds
2025-05-06 23:43:33,862 - __main__ - INFO - Starting experiment: parameter_sensitivity
2025-05-06 23:43:33,862 - ExperimentRunner - INFO - Running parameter sensitivity experiment...
2025-05-06 23:43:33,862 - ExperimentRunner - INFO - Creating random train-test split with 0.2 test ratio...
2025-05-06 23:43:35,730 - MovieLensKG - INFO - Building user profiles...
2025-05-06 23:43:36,164 - ExperimentRunner - INFO - Prepared test data for 50 users
2025-05-06 23:43:36,164 - ExperimentRunner - INFO - Testing different time weights...
2025-05-06 23:44:46,422 - ExperimentRunner - INFO - Testing different decay rates...
2025-05-06 23:45:48,720 - ExperimentRunner - INFO - Testing different forgetting factors...
2025-05-06 23:46:54,713 - ExperimentRunner - INFO - Parameter sensitivity experiment complete. Results saved to ./results/parameter_sensitivity_results.csv
2025-05-06 23:46:54,714 - __main__ - INFO - Completed experiment: parameter_sensitivity in 200.85 seconds
2025-05-06 23:46:54,714 - __main__ - INFO - Starting experiment: privacy_impact
2025-05-06 23:46:54,714 - ExperimentRunner - INFO - Running privacy impact experiment...
2025-05-06 23:46:54,714 - ExperimentRunner - INFO - Creating random train-test split with 0.2 test ratio...
2025-05-06 23:46:56,387 - MovieLensKG - INFO - Building user profiles...
2025-05-06 23:46:56,766 - ExperimentRunner - INFO - Prepared test data for 50 users
2025-05-06 23:46:56,962 - MovieLensKG - INFO - Building user profiles...
2025-05-06 23:46:57,334 - ForgettingMechanism - INFO - Initializing memory strengths from ratings data...
2025-05-06 23:46:58,176 - ForgettingMechanism - INFO - Initialized memory strengths for 99980 user-item pairs
2025-05-06 23:46:58,375 - MovieLensKG - INFO - Building user profiles...
2025-05-06 23:46:58,816 - ForgettingMechanism - INFO - Initializing memory strengths from ratings data...
2025-05-06 23:46:59,574 - ForgettingMechanism - INFO - Initialized memory strengths for 99842 user-item pairs
2025-05-06 23:46:59,777 - MovieLensKG - INFO - Building user profiles...
2025-05-06 23:47:00,155 - ForgettingMechanism - INFO - Initializing memory strengths from ratings data...
2025-05-06 23:47:00,916 - ForgettingMechanism - INFO - Initialized memory strengths for 99804 user-item pairs
2025-05-06 23:47:01,119 - MovieLensKG - INFO - Building user profiles...
2025-05-06 23:47:01,492 - ForgettingMechanism - INFO - Initializing memory strengths from ratings data...
2025-05-06 23:47:02,291 - ForgettingMechanism - INFO - Initialized memory strengths for 99788 user-item pairs
2025-05-06 23:47:02,492 - MovieLensKG - INFO - Building user profiles...
2025-05-06 23:47:02,863 - ForgettingMechanism - INFO - Initializing memory strengths from ratings data...
2025-05-06 23:47:03,627 - ForgettingMechanism - INFO - Initialized memory strengths for 99767 user-item pairs
2025-05-06 23:47:03,831 - MovieLensKG - INFO - Building user profiles...
2025-05-06 23:47:04,207 - ForgettingMechanism - INFO - Initializing memory strengths from ratings data...
2025-05-06 23:47:04,984 - ForgettingMechanism - INFO - Initialized memory strengths for 99740 user-item pairs
2025-05-06 23:47:05,182 - MovieLensKG - INFO - Building user profiles...
2025-05-06 23:47:05,558 - ForgettingMechanism - INFO - Initializing memory strengths from ratings data...
2025-05-06 23:47:06,315 - ForgettingMechanism - INFO - Initialized memory strengths for 99666 user-item pairs
2025-05-06 23:47:06,515 - MovieLensKG - INFO - Building user profiles...
2025-05-06 23:47:06,893 - ForgettingMechanism - INFO - Initializing memory strengths from ratings data...
2025-05-06 23:47:07,670 - ForgettingMechanism - INFO - Initialized memory strengths for 99641 user-item pairs
2025-05-06 23:47:07,872 - MovieLensKG - INFO - Building user profiles...
2025-05-06 23:47:08,254 - ForgettingMechanism - INFO - Initializing memory strengths from ratings data...
2025-05-06 23:47:09,024 - ForgettingMechanism - INFO - Initialized memory strengths for 99619 user-item pairs
2025-05-06 23:47:09,222 - MovieLensKG - INFO - Building user profiles...
2025-05-06 23:47:09,600 - ForgettingMechanism - INFO - Initializing memory strengths from ratings data...
2025-05-06 23:47:10,377 - ForgettingMechanism - INFO - Initialized memory strengths for 99547 user-item pairs
2025-05-06 23:47:10,579 - MovieLensKG - INFO - Building user profiles...
2025-05-06 23:47:10,955 - ForgettingMechanism - INFO - Initializing memory strengths from ratings data...
2025-05-06 23:47:11,728 - ForgettingMechanism - INFO - Initialized memory strengths for 99503 user-item pairs
2025-05-06 23:47:11,927 - MovieLensKG - INFO - Building user profiles...
2025-05-06 23:47:12,311 - ForgettingMechanism - INFO - Initializing memory strengths from ratings data...
2025-05-06 23:47:13,074 - ForgettingMechanism - INFO - Initialized memory strengths for 99431 user-item pairs
2025-05-06 23:47:13,274 - MovieLensKG - INFO - Building user profiles...
2025-05-06 23:47:13,679 - ForgettingMechanism - INFO - Initializing memory strengths from ratings data...
2025-05-06 23:47:14,496 - ForgettingMechanism - INFO - Initialized memory strengths for 99314 user-item pairs
2025-05-06 23:47:14,698 - MovieLensKG - INFO - Building user profiles...
2025-05-06 23:47:15,075 - ForgettingMechanism - INFO - Initializing memory strengths from ratings data...
2025-05-06 23:47:15,827 - ForgettingMechanism - INFO - Initialized memory strengths for 99224 user-item pairs
2025-05-06 23:47:16,020 - MovieLensKG - INFO - Building user profiles...
2025-05-06 23:47:16,389 - ForgettingMechanism - INFO - Initializing memory strengths from ratings data...
2025-05-06 23:47:17,163 - ForgettingMechanism - INFO - Initialized memory strengths for 99130 user-item pairs
2025-05-06 23:47:17,358 - MovieLensKG - INFO - Building user profiles...
2025-05-06 23:47:17,725 - ForgettingMechanism - INFO - Initializing memory strengths from ratings data...
2025-05-06 23:47:18,455 - ForgettingMechanism - INFO - Initialized memory strengths for 99113 user-item pairs
2025-05-06 23:47:18,647 - MovieLensKG - INFO - Building user profiles...
2025-05-06 23:47:19,011 - ForgettingMechanism - INFO - Initializing memory strengths from ratings data...
2025-05-06 23:47:19,753 - ForgettingMechanism - INFO - Initialized memory strengths for 99029 user-item pairs
2025-05-06 23:47:19,928 - MovieLensKG - INFO - Building user profiles...
2025-05-06 23:47:20,435 - ForgettingMechanism - INFO - Initializing memory strengths from ratings data...
2025-05-06 23:47:21,175 - ForgettingMechanism - INFO - Initialized memory strengths for 98699 user-item pairs
2025-05-06 23:47:21,378 - MovieLensKG - INFO - Building user profiles...
2025-05-06 23:47:21,759 - ForgettingMechanism - INFO - Initializing memory strengths from ratings data...
2025-05-06 23:47:22,487 - ForgettingMechanism - INFO - Initialized memory strengths for 98665 user-item pairs
2025-05-06 23:47:22,671 - MovieLensKG - INFO - Building user profiles...
2025-05-06 23:47:23,034 - ForgettingMechanism - INFO - Initializing memory strengths from ratings data...
2025-05-06 23:47:23,764 - ForgettingMechanism - INFO - Initialized memory strengths for 98406 user-item pairs
2025-05-06 23:47:24,133 - MovieLensKG - INFO - Building user profiles...
2025-05-06 23:47:24,496 - ForgettingMechanism - INFO - Initializing memory strengths from ratings data...
2025-05-06 23:47:25,225 - ForgettingMechanism - INFO - Initialized memory strengths for 98406 user-item pairs
2025-05-06 23:47:25,585 - MovieLensKG - INFO - Building user profiles...
2025-05-06 23:47:25,946 - ForgettingMechanism - INFO - Initializing memory strengths from ratings data...
2025-05-06 23:47:26,673 - ForgettingMechanism - INFO - Initialized memory strengths for 98406 user-item pairs
2025-05-06 23:47:27,041 - MovieLensKG - INFO - Building user profiles...
2025-05-06 23:47:27,396 - ForgettingMechanism - INFO - Initializing memory strengths from ratings data...
2025-05-06 23:47:28,126 - ForgettingMechanism - INFO - Initialized memory strengths for 98406 user-item pairs
2025-05-06 23:47:28,492 - MovieLensKG - INFO - Building user profiles...
2025-05-06 23:47:28,864 - ForgettingMechanism - INFO - Initializing memory strengths from ratings data...
2025-05-06 23:47:29,613 - ForgettingMechanism - INFO - Initialized memory strengths for 98406 user-item pairs
2025-05-06 23:47:30,074 - MovieLensKG - INFO - Building user profiles...
2025-05-06 23:47:30,437 - ForgettingMechanism - INFO - Initializing memory strengths from ratings data...
2025-05-06 23:47:31,170 - ForgettingMechanism - INFO - Initialized memory strengths for 98406 user-item pairs
2025-05-06 23:47:31,543 - MovieLensKG - INFO - Building user profiles...
2025-05-06 23:47:31,904 - ForgettingMechanism - INFO - Initializing memory strengths from ratings data...
2025-05-06 23:47:32,643 - ForgettingMechanism - INFO - Initialized memory strengths for 98406 user-item pairs
2025-05-06 23:47:33,007 - MovieLensKG - INFO - Building user profiles...
2025-05-06 23:47:33,368 - ForgettingMechanism - INFO - Initializing memory strengths from ratings data...
2025-05-06 23:47:34,103 - ForgettingMechanism - INFO - Initialized memory strengths for 98406 user-item pairs
2025-05-06 23:47:34,499 - MovieLensKG - INFO - Building user profiles...
2025-05-06 23:47:34,870 - ForgettingMechanism - INFO - Initializing memory strengths from ratings data...
2025-05-06 23:47:35,603 - ForgettingMechanism - INFO - Initialized memory strengths for 98406 user-item pairs
2025-05-06 23:47:35,972 - MovieLensKG - INFO - Building user profiles...
2025-05-06 23:47:36,333 - ForgettingMechanism - INFO - Initializing memory strengths from ratings data...
2025-05-06 23:47:37,068 - ForgettingMechanism - INFO - Initialized memory strengths for 98406 user-item pairs
2025-05-06 23:47:37,428 - MovieLensKG - INFO - Building user profiles...
2025-05-06 23:47:37,795 - ForgettingMechanism - INFO - Initializing memory strengths from ratings data...
2025-05-06 23:47:38,537 - ForgettingMechanism - INFO - Initialized memory strengths for 98406 user-item pairs
2025-05-06 23:47:38,902 - MovieLensKG - INFO - Building user profiles...
2025-05-06 23:47:39,264 - ForgettingMechanism - INFO - Initializing memory strengths from ratings data...
2025-05-06 23:47:40,007 - ForgettingMechanism - INFO - Initialized memory strengths for 98406 user-item pairs
2025-05-06 23:47:40,370 - MovieLensKG - INFO - Building user profiles...
2025-05-06 23:47:40,737 - ForgettingMechanism - INFO - Initializing memory strengths from ratings data...
2025-05-06 23:47:41,471 - ForgettingMechanism - INFO - Initialized memory strengths for 98406 user-item pairs
2025-05-06 23:47:41,827 - MovieLensKG - INFO - Building user profiles...
2025-05-06 23:47:42,254 - ForgettingMechanism - INFO - Initializing memory strengths from ratings data...
2025-05-06 23:47:43,074 - ForgettingMechanism - INFO - Initialized memory strengths for 98406 user-item pairs
2025-05-06 23:47:43,486 - MovieLensKG - INFO - Building user profiles...
2025-05-06 23:47:43,848 - ForgettingMechanism - INFO - Initializing memory strengths from ratings data...
2025-05-06 23:47:44,581 - ForgettingMechanism - INFO - Initialized memory strengths for 98406 user-item pairs
2025-05-06 23:47:44,974 - MovieLensKG - INFO - Building user profiles...
2025-05-06 23:47:45,340 - ForgettingMechanism - INFO - Initializing memory strengths from ratings data...
2025-05-06 23:47:46,201 - ForgettingMechanism - INFO - Initialized memory strengths for 98406 user-item pairs
2025-05-06 23:47:46,582 - MovieLensKG - INFO - Building user profiles...
2025-05-06 23:47:46,961 - ForgettingMechanism - INFO - Initializing memory strengths from ratings data...
2025-05-06 23:47:47,749 - ForgettingMechanism - INFO - Initialized memory strengths for 98406 user-item pairs
2025-05-06 23:47:48,112 - MovieLensKG - INFO - Building user profiles...
2025-05-06 23:47:48,468 - ForgettingMechanism - INFO - Initializing memory strengths from ratings data...
2025-05-06 23:47:49,196 - ForgettingMechanism - INFO - Initialized memory strengths for 98406 user-item pairs
2025-05-06 23:47:49,534 - MovieLensKG - INFO - Building user profiles...
2025-05-06 23:47:49,900 - ForgettingMechanism - INFO - Initializing memory strengths from ratings data...
2025-05-06 23:47:50,633 - ForgettingMechanism - INFO - Initialized memory strengths for 98406 user-item pairs
2025-05-06 23:47:50,999 - MovieLensKG - INFO - Building user profiles...
2025-05-06 23:47:51,356 - ForgettingMechanism - INFO - Initializing memory strengths from ratings data...
2025-05-06 23:47:52,095 - ForgettingMechanism - INFO - Initialized memory strengths for 98406 user-item pairs
2025-05-06 23:47:52,438 - MovieLensKG - INFO - Building user profiles...
2025-05-06 23:47:52,799 - ForgettingMechanism - INFO - Initializing memory strengths from ratings data...
2025-05-06 23:47:53,537 - ForgettingMechanism - INFO - Initialized memory strengths for 98406 user-item pairs
2025-05-06 23:47:54,212 - ExperimentRunner - INFO - Privacy impact experiment complete.
2025-05-06 23:47:54,212 - __main__ - INFO - Completed experiment: privacy_impact in 59.50 seconds
2025-05-06 23:47:54,212 - __main__ - INFO - Starting experiment: scalability_test
2025-05-06 23:47:54,212 - ExperimentRunner - INFO - Running scalability test...
2025-05-06 23:47:54,214 - ForgettingMechanism - INFO - Initializing memory strengths from ratings data...
2025-05-06 23:47:54,241 - ForgettingMechanism - INFO - Initialized memory strengths for 98406 user-item pairs
2025-05-06 23:47:54,242 - ForgettingMechanism - INFO - Benchmarking with 10 users and 554 interactions
2025-05-06 23:47:54,242 - ForgettingMechanism - INFO - Benchmarking time_based strategy...
2025-05-06 23:47:54,442 - ForgettingMechanism - INFO - Benchmarking ebbinghaus strategy...
2025-05-06 23:47:55,445 - ForgettingMechanism - INFO - Benchmarking power_law strategy...
2025-05-06 23:47:55,604 - ForgettingMechanism - INFO - Benchmarking usage_based strategy...
2025-05-06 23:47:55,745 - ForgettingMechanism - INFO - Benchmarking step_function strategy...
2025-05-06 23:47:55,891 - ForgettingMechanism - INFO - Benchmarking hybrid strategy...
2025-05-06 23:47:56,042 - ForgettingMechanism - INFO - Initializing memory strengths from ratings data...
2025-05-06 23:47:56,775 - ForgettingMechanism - INFO - Initialized memory strengths for 98406 user-item pairs
2025-05-06 23:47:56,777 - ForgettingMechanism - INFO - Initializing memory strengths from ratings data...
2025-05-06 23:47:56,860 - ForgettingMechanism - INFO - Initialized memory strengths for 98406 user-item pairs
2025-05-06 23:47:56,860 - ForgettingMechanism - INFO - Benchmarking with 50 users and 3500 interactions
2025-05-06 23:47:56,861 - ForgettingMechanism - INFO - Benchmarking time_based strategy...
2025-05-06 23:47:57,596 - ForgettingMechanism - INFO - Benchmarking ebbinghaus strategy...
2025-05-06 23:48:03,871 - ForgettingMechanism - INFO - Benchmarking power_law strategy...
2025-05-06 23:48:04,643 - ForgettingMechanism - INFO - Benchmarking usage_based strategy...
2025-05-06 23:48:05,317 - ForgettingMechanism - INFO - Benchmarking step_function strategy...
2025-05-06 23:48:06,023 - ForgettingMechanism - INFO - Benchmarking hybrid strategy...
2025-05-06 23:48:06,757 - ForgettingMechanism - INFO - Initializing memory strengths from ratings data...
2025-05-06 23:48:07,470 - ForgettingMechanism - INFO - Initialized memory strengths for 98406 user-item pairs
2025-05-06 23:48:07,472 - ForgettingMechanism - INFO - Initializing memory strengths from ratings data...
2025-05-06 23:48:07,605 - ForgettingMechanism - INFO - Initialized memory strengths for 98406 user-item pairs
2025-05-06 23:48:07,605 - ForgettingMechanism - INFO - Benchmarking with 100 users and 6102 interactions
2025-05-06 23:48:07,606 - ForgettingMechanism - INFO - Benchmarking time_based strategy...
2025-05-06 23:48:08,981 - ForgettingMechanism - INFO - Benchmarking ebbinghaus strategy...
2025-05-06 23:48:19,766 - ForgettingMechanism - INFO - Benchmarking power_law strategy...
2025-05-06 23:48:21,184 - ForgettingMechanism - INFO - Benchmarking usage_based strategy...
2025-05-06 23:48:22,591 - ForgettingMechanism - INFO - Benchmarking step_function strategy...
2025-05-06 23:48:24,109 - ForgettingMechanism - INFO - Benchmarking hybrid strategy...
2025-05-06 23:48:25,662 - ForgettingMechanism - INFO - Initializing memory strengths from ratings data...
2025-05-06 23:48:26,395 - ForgettingMechanism - INFO - Initialized memory strengths for 98406 user-item pairs
2025-05-06 23:48:26,397 - ForgettingMechanism - INFO - Initializing memory strengths from ratings data...
2025-05-06 23:48:26,607 - ForgettingMechanism - INFO - Initialized memory strengths for 98406 user-item pairs
2025-05-06 23:48:26,608 - ForgettingMechanism - INFO - Benchmarking with 200 users and 9725 interactions
2025-05-06 23:48:26,611 - ForgettingMechanism - INFO - Benchmarking time_based strategy...
2025-05-06 23:48:29,302 - ForgettingMechanism - INFO - Benchmarking ebbinghaus strategy...
2025-05-06 23:48:46,694 - ForgettingMechanism - INFO - Benchmarking power_law strategy...
2025-05-06 23:48:49,355 - ForgettingMechanism - INFO - Benchmarking usage_based strategy...
2025-05-06 23:48:52,032 - ForgettingMechanism - INFO - Benchmarking step_function strategy...
2025-05-06 23:48:54,704 - ForgettingMechanism - INFO - Benchmarking hybrid strategy...
2025-05-06 23:48:57,534 - ForgettingMechanism - INFO - Initializing memory strengths from ratings data...
2025-05-06 23:48:58,252 - ForgettingMechanism - INFO - Initialized memory strengths for 98406 user-item pairs
2025-05-06 23:48:58,253 - ForgettingMechanism - INFO - Initializing memory strengths from ratings data...
2025-05-06 23:48:58,281 - ForgettingMechanism - INFO - Initialized memory strengths for 98406 user-item pairs
2025-05-06 23:48:58,281 - ForgettingMechanism - INFO - Benchmarking with 529 users and 1000 interactions
2025-05-06 23:48:58,281 - ForgettingMechanism - INFO - Benchmarking time_based strategy...
2025-05-06 23:49:05,060 - ForgettingMechanism - INFO - Benchmarking ebbinghaus strategy...
2025-05-06 23:49:47,054 - ForgettingMechanism - INFO - Benchmarking power_law strategy...
2025-05-06 23:49:53,912 - ForgettingMechanism - INFO - Benchmarking usage_based strategy...
2025-05-06 23:50:00,442 - ForgettingMechanism - INFO - Benchmarking step_function strategy...
2025-05-06 23:50:07,312 - ForgettingMechanism - INFO - Benchmarking hybrid strategy...
2025-05-06 23:50:14,493 - ForgettingMechanism - INFO - Initializing memory strengths from ratings data...
2025-05-06 23:50:15,259 - ForgettingMechanism - INFO - Initialized memory strengths for 98406 user-item pairs
2025-05-06 23:50:15,261 - ForgettingMechanism - INFO - Initializing memory strengths from ratings data...
2025-05-06 23:50:15,378 - ForgettingMechanism - INFO - Initialized memory strengths for 98406 user-item pairs
2025-05-06 23:50:15,378 - ForgettingMechanism - INFO - Benchmarking with 869 users and 5000 interactions
2025-05-06 23:50:15,378 - ForgettingMechanism - INFO - Benchmarking time_based strategy...
2025-05-06 23:50:26,423 - ForgettingMechanism - INFO - Benchmarking ebbinghaus strategy...
2025-05-06 23:51:26,458 - ForgettingMechanism - INFO - Benchmarking power_law strategy...
2025-05-06 23:51:37,549 - ForgettingMechanism - INFO - Benchmarking usage_based strategy...
2025-05-06 23:51:48,054 - ForgettingMechanism - INFO - Benchmarking step_function strategy...
2025-05-06 23:51:58,993 - ForgettingMechanism - INFO - Benchmarking hybrid strategy...
2025-05-06 23:52:10,249 - ForgettingMechanism - INFO - Initializing memory strengths from ratings data...
2025-05-06 23:52:11,001 - ForgettingMechanism - INFO - Initialized memory strengths for 98406 user-item pairs
2025-05-06 23:52:11,003 - ForgettingMechanism - INFO - Initializing memory strengths from ratings data...
2025-05-06 23:52:11,235 - ForgettingMechanism - INFO - Initialized memory strengths for 98406 user-item pairs
2025-05-06 23:52:11,236 - ForgettingMechanism - INFO - Benchmarking with 929 users and 10000 interactions
2025-05-06 23:52:11,236 - ForgettingMechanism - INFO - Benchmarking time_based strategy...
2025-05-06 23:52:23,155 - ForgettingMechanism - INFO - Benchmarking ebbinghaus strategy...
2025-05-06 23:53:24,984 - ForgettingMechanism - INFO - Benchmarking power_law strategy...
2025-05-06 23:53:36,543 - ForgettingMechanism - INFO - Benchmarking usage_based strategy...
2025-05-06 23:53:47,804 - ForgettingMechanism - INFO - Benchmarking step_function strategy...
2025-05-06 23:53:59,593 - ForgettingMechanism - INFO - Benchmarking hybrid strategy...
2025-05-06 23:54:11,815 - ForgettingMechanism - INFO - Initializing memory strengths from ratings data...
2025-05-06 23:54:12,595 - ForgettingMechanism - INFO - Initialized memory strengths for 98406 user-item pairs
2025-05-06 23:54:12,595 - ExperimentRunner - INFO - Visualizing scalability results...
2025-05-06 23:54:12,727 - ExperimentRunner - INFO - Saved user scalability visualization to ./results/scalability_users.png
2025-05-06 23:54:12,867 - ExperimentRunner - INFO - Saved interaction scalability visualization to ./results/scalability_interactions.png
2025-05-06 23:54:12,867 - ExperimentRunner - INFO - Scalability test complete.
2025-05-06 23:54:12,867 - __main__ - INFO - Completed experiment: scalability_test in 378.66 seconds
2025-05-06 23:54:12,867 - __main__ - INFO - Starting experiment: user_segmentation
2025-05-06 23:54:12,867 - ExperimentRunner - INFO - Running user segmentation analysis...
2025-05-06 23:54:12,867 - ExperimentRunner - INFO - Creating random train-test split with 0.2 test ratio...
2025-05-06 23:54:14,207 - MovieLensKG - INFO - Building user profiles...
2025-05-06 23:54:14,558 - ExperimentRunner - INFO - Prepared test data for 50 users
2025-05-06 23:54:14,572 - ExperimentRunner - INFO - Evaluating high_activity segment with 26 users...
2025-05-06 23:54:14,572 - ExperimentRunner - INFO - Evaluating Time-Decay on high_activity segment...
2025-05-06 23:54:22,580 - ExperimentRunner - INFO - Evaluating Usage-Based on high_activity segment...
2025-05-06 23:54:30,681 - ExperimentRunner - INFO - Evaluating Hybrid-Decay on high_activity segment...
2025-05-06 23:54:38,831 - ExperimentRunner - INFO - Evaluating Personalized on high_activity segment...
2025-05-06 23:54:47,149 - ExperimentRunner - INFO - Evaluating low_activity segment with 24 users...
2025-05-06 23:54:47,149 - ExperimentRunner - INFO - Evaluating Time-Decay on low_activity segment...
2025-05-06 23:54:54,984 - ExperimentRunner - INFO - Evaluating Usage-Based on low_activity segment...
2025-05-06 23:55:02,783 - ExperimentRunner - INFO - Evaluating Hybrid-Decay on low_activity segment...
2025-05-06 23:55:10,661 - ExperimentRunner - INFO - Evaluating Personalized on low_activity segment...
2025-05-06 23:55:18,751 - ExperimentRunner - INFO - Evaluating diverse_taste segment with 25 users...
2025-05-06 23:55:18,751 - ExperimentRunner - INFO - Evaluating Time-Decay on diverse_taste segment...
2025-05-06 23:55:26,621 - ExperimentRunner - INFO - Evaluating Usage-Based on diverse_taste segment...
2025-05-06 23:55:34,617 - ExperimentRunner - INFO - Evaluating Hybrid-Decay on diverse_taste segment...
2025-05-06 23:55:42,632 - ExperimentRunner - INFO - Evaluating Personalized on diverse_taste segment...
2025-05-06 23:55:50,808 - ExperimentRunner - INFO - Evaluating focused_taste segment with 25 users...
2025-05-06 23:55:50,808 - ExperimentRunner - INFO - Evaluating Time-Decay on focused_taste segment...
2025-05-06 23:55:58,888 - ExperimentRunner - INFO - Evaluating Usage-Based on focused_taste segment...
2025-05-06 23:56:06,830 - ExperimentRunner - INFO - Evaluating Hybrid-Decay on focused_taste segment...
2025-05-06 23:56:14,657 - ExperimentRunner - INFO - Evaluating Personalized on focused_taste segment...
2025-05-06 23:56:22,909 - ExperimentRunner - INFO - Evaluating new_users segment with 25 users...
2025-05-06 23:56:22,909 - ExperimentRunner - INFO - Evaluating Time-Decay on new_users segment...
2025-05-06 23:56:30,769 - ExperimentRunner - INFO - Evaluating Usage-Based on new_users segment...
2025-05-06 23:56:38,709 - ExperimentRunner - INFO - Evaluating Hybrid-Decay on new_users segment...
2025-05-06 23:56:46,678 - ExperimentRunner - INFO - Evaluating Personalized on new_users segment...
2025-05-06 23:56:54,829 - ExperimentRunner - INFO - Evaluating established_users segment with 25 users...
2025-05-06 23:56:54,829 - ExperimentRunner - INFO - Evaluating Time-Decay on established_users segment...
2025-05-06 23:57:03,027 - ExperimentRunner - INFO - Evaluating Usage-Based on established_users segment...
2025-05-06 23:57:10,950 - ExperimentRunner - INFO - Evaluating Hybrid-Decay on established_users segment...
2025-05-06 23:57:18,784 - ExperimentRunner - INFO - Evaluating Personalized on established_users segment...
2025-05-06 23:57:27,414 - ExperimentRunner - INFO - User segmentation analysis complete.
2025-05-06 23:57:27,415 - __main__ - INFO - Completed experiment: user_segmentation in 194.55 seconds
2025-05-06 23:57:27,437 - __main__ - INFO - Report generated and saved to ./results/experiment_report.json
2025-05-06 23:57:27,437 - __main__ - INFO - All experiments completed successfully
2025-05-07 00:00:08,331 - __main__ - INFO - Starting Forgetting Mechanism for Recommendation Systems
2025-05-07 00:00:08,332 - __main__ - INFO - Configuration: {'data_path': 'data/ml-100k', 'decay_parameters': {'time_decay_rate': 0.1, 'usage_threshold': 3, 'time_weight': 0.4, 'usage_weight': 0.3, 'novelty_weight': 0.3, 'forgetting_factor': 0.5}, 'evaluation_metrics': ['hit_rate', 'precision', 'recall', 'mrr', 'ndcg', 'serendipity', 'novelty', 'diversity'], 'k_values': [5, 10, 20], 'test_ratio': 0.2, 'seed': 42, 'output_dir': './results', 'num_users': 50, 'temporal_split': False, 'test_days': 30}
2025-05-07 00:00:08,332 - __main__ - INFO - Using dataset: MovieLens 100k from path: data/ml-100k
2025-05-07 00:00:08,332 - ExperimentRunner - INFO - Initializing knowledge graph...
2025-05-07 00:00:08,367 - MovieLensKG - INFO - Loaded 100000 ratings from 943 users on 1682 movies
2025-05-07 00:00:08,367 - MovieLensKG - INFO - Building knowledge graph...
2025-05-07 00:00:10,591 - MovieLensKG - INFO - Adding movie similarity edges...
2025-05-07 00:00:11,057 - MovieLensKG - INFO - Added 271720 movie similarity edges
2025-05-07 00:00:11,057 - MovieLensKG - INFO - Building user profiles...
2025-05-07 00:00:11,604 - MovieLensKG - INFO - Knowledge graph built with 2625 nodes and 371720 edges
2025-05-07 00:00:11,604 - ExperimentRunner - INFO - Initializing forgetting mechanism...
2025-05-07 00:00:11,604 - ForgettingMechanism - INFO - Initializing memory strengths from ratings data...
2025-05-07 00:00:13,614 - ForgettingMechanism - INFO - Initialized memory strengths for 100000 user-item pairs
2025-05-07 00:00:13,615 - ExperimentRunner - INFO - Initializing evaluation metrics...
2025-05-07 00:00:13,615 - ExperimentRunner - INFO - Initializing visualization tool...
2025-05-07 00:00:13,615 - ExperimentRunner - INFO - Initialization complete.
2025-05-07 00:00:13,615 - __main__ - INFO - Starting experiment: baseline_comparison
2025-05-07 00:00:13,615 - ExperimentRunner - INFO - Running baseline comparison experiment...
2025-05-07 00:00:13,615 - ExperimentRunner - INFO - Creating random train-test split with 0.2 test ratio...
2025-05-07 00:00:16,414 - MovieLensKG - INFO - Building user profiles...
2025-05-07 00:00:16,951 - ExperimentRunner - INFO - Prepared test data for 50 users
2025-05-07 00:05:42,190 - ExperimentRunner - INFO - Baseline comparison complete. Results saved to ./results/baseline_comparison_results.csv
2025-05-07 00:05:42,190 - __main__ - INFO - Completed experiment: baseline_comparison in 328.58 seconds
2025-05-07 00:05:42,190 - __main__ - INFO - Starting experiment: improved_baseline_comparison
2025-05-07 00:05:42,190 - ExperimentRunner - INFO - Running improved baseline comparison experiment...
2025-05-07 00:05:42,190 - ExperimentRunner - INFO - Creating random train-test split with 0.2 test ratio...
2025-05-07 00:05:44,247 - MovieLensKG - INFO - Building user profiles...
2025-05-07 00:05:44,706 - ExperimentRunner - INFO - Prepared test data for 50 users
2025-05-07 00:09:50,394 - ExperimentRunner - INFO - Improved baseline comparison complete. Results saved to ./results/improved_comparison_results.csv
2025-05-07 00:09:50,394 - __main__ - INFO - Completed experiment: improved_baseline_comparison in 248.20 seconds
2025-05-07 00:09:50,395 - __main__ - INFO - Starting experiment: temporal_evaluation
2025-05-07 00:09:50,395 - ExperimentRunner - INFO - Running temporal evaluation experiment...
2025-05-07 00:09:50,395 - ExperimentRunner - INFO - Creating random train-test split with 0.2 test ratio...
2025-05-07 00:09:52,902 - MovieLensKG - INFO - Building user profiles...
2025-05-07 00:09:53,392 - ExperimentRunner - INFO - Prepared test data for 50 users
2025-05-07 00:09:53,392 - ExperimentRunner - INFO - Running temporal evaluation for user 526...
2025-05-07 00:09:59,138 - ExperimentRunner - INFO - Running temporal evaluation for user 905...
2025-05-07 00:10:04,711 - ExperimentRunner - INFO - Running temporal evaluation for user 425...
2025-05-07 00:10:10,678 - ExperimentRunner - INFO - Running temporal evaluation for user 61...
2025-05-07 00:10:16,504 - ExperimentRunner - INFO - Running temporal evaluation for user 656...
2025-05-07 00:10:22,755 - ExperimentRunner - INFO - Temporal evaluation complete for 5 users
2025-05-07 00:10:22,755 - __main__ - INFO - Completed experiment: temporal_evaluation in 32.36 seconds
2025-05-07 00:10:22,755 - __main__ - INFO - Starting experiment: parameter_sensitivity
2025-05-07 00:10:22,755 - ExperimentRunner - INFO - Running parameter sensitivity experiment...
2025-05-07 00:10:22,755 - ExperimentRunner - INFO - Creating random train-test split with 0.2 test ratio...
2025-05-07 00:10:25,341 - MovieLensKG - INFO - Building user profiles...
2025-05-07 00:10:25,946 - ExperimentRunner - INFO - Prepared test data for 50 users
2025-05-07 00:10:25,946 - ExperimentRunner - INFO - Testing different time weights...
2025-05-07 00:11:37,506 - ExperimentRunner - INFO - Testing different decay rates...
2025-05-07 00:12:44,697 - ExperimentRunner - INFO - Testing different forgetting factors...
2025-05-07 00:13:54,242 - ExperimentRunner - INFO - Parameter sensitivity experiment complete. Results saved to ./results/parameter_sensitivity_results.csv
2025-05-07 00:13:54,242 - __main__ - INFO - Completed experiment: parameter_sensitivity in 211.49 seconds
2025-05-07 00:13:54,242 - __main__ - INFO - Starting experiment: privacy_impact
2025-05-07 00:13:54,242 - ExperimentRunner - INFO - Running privacy impact experiment...
2025-05-07 00:13:54,242 - ExperimentRunner - INFO - Creating random train-test split with 0.2 test ratio...
2025-05-07 00:13:55,976 - MovieLensKG - INFO - Building user profiles...
2025-05-07 00:13:56,408 - ExperimentRunner - INFO - Prepared test data for 50 users
2025-05-07 00:13:56,641 - MovieLensKG - INFO - Building user profiles...
2025-05-07 00:13:57,058 - ForgettingMechanism - INFO - Initializing memory strengths from ratings data...
2025-05-07 00:13:57,873 - ForgettingMechanism - INFO - Initialized memory strengths for 99980 user-item pairs
2025-05-07 00:13:58,091 - MovieLensKG - INFO - Building user profiles...
2025-05-07 00:13:58,488 - ForgettingMechanism - INFO - Initializing memory strengths from ratings data...
2025-05-07 00:13:59,321 - ForgettingMechanism - INFO - Initialized memory strengths for 99842 user-item pairs
2025-05-07 00:13:59,534 - MovieLensKG - INFO - Building user profiles...
2025-05-07 00:13:59,926 - ForgettingMechanism - INFO - Initializing memory strengths from ratings data...
2025-05-07 00:14:00,688 - ForgettingMechanism - INFO - Initialized memory strengths for 99804 user-item pairs
2025-05-07 00:14:00,896 - MovieLensKG - INFO - Building user profiles...
2025-05-07 00:14:01,310 - ForgettingMechanism - INFO - Initializing memory strengths from ratings data...
2025-05-07 00:14:02,070 - ForgettingMechanism - INFO - Initialized memory strengths for 99788 user-item pairs
2025-05-07 00:14:02,278 - MovieLensKG - INFO - Building user profiles...
2025-05-07 00:14:02,675 - ForgettingMechanism - INFO - Initializing memory strengths from ratings data...
2025-05-07 00:14:03,522 - ForgettingMechanism - INFO - Initialized memory strengths for 99767 user-item pairs
2025-05-07 00:14:03,751 - MovieLensKG - INFO - Building user profiles...
2025-05-07 00:14:04,154 - ForgettingMechanism - INFO - Initializing memory strengths from ratings data...
2025-05-07 00:14:04,922 - ForgettingMechanism - INFO - Initialized memory strengths for 99740 user-item pairs
2025-05-07 00:14:05,124 - MovieLensKG - INFO - Building user profiles...
2025-05-07 00:14:05,567 - ForgettingMechanism - INFO - Initializing memory strengths from ratings data...
2025-05-07 00:14:06,397 - ForgettingMechanism - INFO - Initialized memory strengths for 99666 user-item pairs
2025-05-07 00:14:06,602 - MovieLensKG - INFO - Building user profiles...
2025-05-07 00:14:06,976 - ForgettingMechanism - INFO - Initializing memory strengths from ratings data...
2025-05-07 00:14:07,736 - ForgettingMechanism - INFO - Initialized memory strengths for 99641 user-item pairs
2025-05-07 00:14:07,935 - MovieLensKG - INFO - Building user profiles...
2025-05-07 00:14:08,338 - ForgettingMechanism - INFO - Initializing memory strengths from ratings data...
2025-05-07 00:14:09,117 - ForgettingMechanism - INFO - Initialized memory strengths for 99619 user-item pairs
2025-05-07 00:14:09,361 - MovieLensKG - INFO - Building user profiles...
2025-05-07 00:14:09,919 - ForgettingMechanism - INFO - Initializing memory strengths from ratings data...
2025-05-07 00:14:11,135 - ForgettingMechanism - INFO - Initialized memory strengths for 99547 user-item pairs
2025-05-07 00:14:11,345 - MovieLensKG - INFO - Building user profiles...
2025-05-07 00:14:11,709 - ForgettingMechanism - INFO - Initializing memory strengths from ratings data...
2025-05-07 00:14:12,474 - ForgettingMechanism - INFO - Initialized memory strengths for 99503 user-item pairs
2025-05-07 00:14:12,677 - MovieLensKG - INFO - Building user profiles...
2025-05-07 00:14:13,039 - ForgettingMechanism - INFO - Initializing memory strengths from ratings data...
2025-05-07 00:14:13,791 - ForgettingMechanism - INFO - Initialized memory strengths for 99431 user-item pairs
2025-05-07 00:14:14,047 - MovieLensKG - INFO - Building user profiles...
2025-05-07 00:14:14,413 - ForgettingMechanism - INFO - Initializing memory strengths from ratings data...
2025-05-07 00:14:15,169 - ForgettingMechanism - INFO - Initialized memory strengths for 99314 user-item pairs
2025-05-07 00:14:15,399 - MovieLensKG - INFO - Building user profiles...
2025-05-07 00:14:15,822 - ForgettingMechanism - INFO - Initializing memory strengths from ratings data...
2025-05-07 00:14:16,910 - ForgettingMechanism - INFO - Initialized memory strengths for 99224 user-item pairs
2025-05-07 00:14:17,200 - MovieLensKG - INFO - Building user profiles...
2025-05-07 00:14:17,825 - ForgettingMechanism - INFO - Initializing memory strengths from ratings data...
2025-05-07 00:14:18,907 - ForgettingMechanism - INFO - Initialized memory strengths for 99130 user-item pairs
2025-05-07 00:14:19,205 - MovieLensKG - INFO - Building user profiles...
2025-05-07 00:14:19,642 - ForgettingMechanism - INFO - Initializing memory strengths from ratings data...
2025-05-07 00:14:20,438 - ForgettingMechanism - INFO - Initialized memory strengths for 99113 user-item pairs
2025-05-07 00:14:20,637 - MovieLensKG - INFO - Building user profiles...
2025-05-07 00:14:21,003 - ForgettingMechanism - INFO - Initializing memory strengths from ratings data...
2025-05-07 00:14:21,791 - ForgettingMechanism - INFO - Initialized memory strengths for 99029 user-item pairs
2025-05-07 00:14:21,976 - MovieLensKG - INFO - Building user profiles...
2025-05-07 00:14:22,485 - ForgettingMechanism - INFO - Initializing memory strengths from ratings data...
2025-05-07 00:14:23,245 - ForgettingMechanism - INFO - Initialized memory strengths for 98699 user-item pairs
2025-05-07 00:14:23,453 - MovieLensKG - INFO - Building user profiles...
2025-05-07 00:14:23,835 - ForgettingMechanism - INFO - Initializing memory strengths from ratings data...
2025-05-07 00:14:24,588 - ForgettingMechanism - INFO - Initialized memory strengths for 98665 user-item pairs
2025-05-07 00:14:24,776 - MovieLensKG - INFO - Building user profiles...
2025-05-07 00:14:25,145 - ForgettingMechanism - INFO - Initializing memory strengths from ratings data...
2025-05-07 00:14:25,987 - ForgettingMechanism - INFO - Initialized memory strengths for 98406 user-item pairs
2025-05-07 00:14:26,381 - MovieLensKG - INFO - Building user profiles...
2025-05-07 00:14:26,753 - ForgettingMechanism - INFO - Initializing memory strengths from ratings data...
2025-05-07 00:14:27,567 - ForgettingMechanism - INFO - Initialized memory strengths for 98406 user-item pairs
2025-05-07 00:14:27,938 - MovieLensKG - INFO - Building user profiles...
2025-05-07 00:14:28,389 - ForgettingMechanism - INFO - Initializing memory strengths from ratings data...
2025-05-07 00:14:29,148 - ForgettingMechanism - INFO - Initialized memory strengths for 98406 user-item pairs
2025-05-07 00:14:29,557 - MovieLensKG - INFO - Building user profiles...
2025-05-07 00:14:29,925 - ForgettingMechanism - INFO - Initializing memory strengths from ratings data...
2025-05-07 00:14:30,670 - ForgettingMechanism - INFO - Initialized memory strengths for 98406 user-item pairs
2025-05-07 00:14:31,050 - MovieLensKG - INFO - Building user profiles...
2025-05-07 00:14:31,419 - ForgettingMechanism - INFO - Initializing memory strengths from ratings data...
2025-05-07 00:14:32,179 - ForgettingMechanism - INFO - Initialized memory strengths for 98406 user-item pairs
2025-05-07 00:14:32,561 - MovieLensKG - INFO - Building user profiles...
2025-05-07 00:14:32,932 - ForgettingMechanism - INFO - Initializing memory strengths from ratings data...
2025-05-07 00:14:33,683 - ForgettingMechanism - INFO - Initialized memory strengths for 98406 user-item pairs
2025-05-07 00:14:34,069 - MovieLensKG - INFO - Building user profiles...
2025-05-07 00:14:34,437 - ForgettingMechanism - INFO - Initializing memory strengths from ratings data...
2025-05-07 00:14:35,187 - ForgettingMechanism - INFO - Initialized memory strengths for 98406 user-item pairs
2025-05-07 00:14:35,560 - MovieLensKG - INFO - Building user profiles...
2025-05-07 00:14:35,939 - ForgettingMechanism - INFO - Initializing memory strengths from ratings data...
2025-05-07 00:14:36,798 - ForgettingMechanism - INFO - Initialized memory strengths for 98406 user-item pairs
2025-05-07 00:14:37,184 - MovieLensKG - INFO - Building user profiles...
2025-05-07 00:14:37,563 - ForgettingMechanism - INFO - Initializing memory strengths from ratings data...
2025-05-07 00:14:38,328 - ForgettingMechanism - INFO - Initialized memory strengths for 98406 user-item pairs
2025-05-07 00:14:38,735 - MovieLensKG - INFO - Building user profiles...
2025-05-07 00:14:39,104 - ForgettingMechanism - INFO - Initializing memory strengths from ratings data...
2025-05-07 00:14:39,861 - ForgettingMechanism - INFO - Initialized memory strengths for 98406 user-item pairs
2025-05-07 00:14:40,236 - MovieLensKG - INFO - Building user profiles...
2025-05-07 00:14:40,601 - ForgettingMechanism - INFO - Initializing memory strengths from ratings data...
2025-05-07 00:14:41,348 - ForgettingMechanism - INFO - Initialized memory strengths for 98406 user-item pairs
2025-05-07 00:14:41,773 - MovieLensKG - INFO - Building user profiles...
2025-05-07 00:14:42,203 - ForgettingMechanism - INFO - Initializing memory strengths from ratings data...
2025-05-07 00:14:43,002 - ForgettingMechanism - INFO - Initialized memory strengths for 98406 user-item pairs
2025-05-07 00:14:43,423 - MovieLensKG - INFO - Building user profiles...
2025-05-07 00:14:43,852 - ForgettingMechanism - INFO - Initializing memory strengths from ratings data...
2025-05-07 00:14:44,598 - ForgettingMechanism - INFO - Initialized memory strengths for 98406 user-item pairs
2025-05-07 00:14:44,971 - MovieLensKG - INFO - Building user profiles...
2025-05-07 00:14:45,339 - ForgettingMechanism - INFO - Initializing memory strengths from ratings data...
2025-05-07 00:14:46,090 - ForgettingMechanism - INFO - Initialized memory strengths for 98406 user-item pairs
2025-05-07 00:14:46,493 - MovieLensKG - INFO - Building user profiles...
2025-05-07 00:14:46,866 - ForgettingMechanism - INFO - Initializing memory strengths from ratings data...
2025-05-07 00:14:47,639 - ForgettingMechanism - INFO - Initialized memory strengths for 98406 user-item pairs
2025-05-07 00:14:48,044 - MovieLensKG - INFO - Building user profiles...
2025-05-07 00:14:48,471 - ForgettingMechanism - INFO - Initializing memory strengths from ratings data...
2025-05-07 00:14:49,256 - ForgettingMechanism - INFO - Initialized memory strengths for 98406 user-item pairs
2025-05-07 00:14:49,646 - MovieLensKG - INFO - Building user profiles...
2025-05-07 00:14:50,060 - ForgettingMechanism - INFO - Initializing memory strengths from ratings data...
2025-05-07 00:14:50,888 - ForgettingMechanism - INFO - Initialized memory strengths for 98406 user-item pairs
2025-05-07 00:14:51,315 - MovieLensKG - INFO - Building user profiles...
2025-05-07 00:14:51,774 - ForgettingMechanism - INFO - Initializing memory strengths from ratings data...
2025-05-07 00:14:52,618 - ForgettingMechanism - INFO - Initialized memory strengths for 98406 user-item pairs
2025-05-07 00:14:52,977 - MovieLensKG - INFO - Building user profiles...
2025-05-07 00:14:53,384 - ForgettingMechanism - INFO - Initializing memory strengths from ratings data...
2025-05-07 00:14:54,233 - ForgettingMechanism - INFO - Initialized memory strengths for 98406 user-item pairs
2025-05-07 00:14:54,670 - MovieLensKG - INFO - Building user profiles...
2025-05-07 00:14:55,068 - ForgettingMechanism - INFO - Initializing memory strengths from ratings data...
2025-05-07 00:14:55,887 - ForgettingMechanism - INFO - Initialized memory strengths for 98406 user-item pairs
2025-05-07 00:14:56,264 - MovieLensKG - INFO - Building user profiles...
2025-05-07 00:14:56,696 - ForgettingMechanism - INFO - Initializing memory strengths from ratings data...
2025-05-07 00:14:57,447 - ForgettingMechanism - INFO - Initialized memory strengths for 98406 user-item pairs
2025-05-07 00:14:58,281 - ExperimentRunner - INFO - Privacy impact experiment complete.
2025-05-07 00:14:58,281 - __main__ - INFO - Completed experiment: privacy_impact in 64.04 seconds
2025-05-07 00:14:58,281 - __main__ - INFO - Starting experiment: scalability_test
2025-05-07 00:14:58,281 - ExperimentRunner - INFO - Running scalability test...
2025-05-07 00:14:58,283 - ForgettingMechanism - INFO - Initializing memory strengths from ratings data...
2025-05-07 00:14:58,296 - ForgettingMechanism - INFO - Initialized memory strengths for 98406 user-item pairs
2025-05-07 00:14:58,296 - ForgettingMechanism - INFO - Benchmarking with 10 users and 554 interactions
2025-05-07 00:14:58,296 - ForgettingMechanism - INFO - Benchmarking time_based strategy...
2025-05-07 00:14:58,487 - ForgettingMechanism - INFO - Benchmarking ebbinghaus strategy...
2025-05-07 00:14:59,586 - ForgettingMechanism - INFO - Benchmarking power_law strategy...
2025-05-07 00:14:59,798 - ForgettingMechanism - INFO - Benchmarking usage_based strategy...
2025-05-07 00:14:59,977 - ForgettingMechanism - INFO - Benchmarking step_function strategy...
2025-05-07 00:15:00,170 - ForgettingMechanism - INFO - Benchmarking hybrid strategy...
2025-05-07 00:15:00,335 - ForgettingMechanism - INFO - Initializing memory strengths from ratings data...
2025-05-07 00:15:01,128 - ForgettingMechanism - INFO - Initialized memory strengths for 98406 user-item pairs
2025-05-07 00:15:01,129 - ForgettingMechanism - INFO - Initializing memory strengths from ratings data...
2025-05-07 00:15:01,220 - ForgettingMechanism - INFO - Initialized memory strengths for 98406 user-item pairs
2025-05-07 00:15:01,220 - ForgettingMechanism - INFO - Benchmarking with 50 users and 3500 interactions
2025-05-07 00:15:01,220 - ForgettingMechanism - INFO - Benchmarking time_based strategy...
2025-05-07 00:15:02,007 - ForgettingMechanism - INFO - Benchmarking ebbinghaus strategy...
2025-05-07 00:15:09,061 - ForgettingMechanism - INFO - Benchmarking power_law strategy...
2025-05-07 00:15:09,960 - ForgettingMechanism - INFO - Benchmarking usage_based strategy...
2025-05-07 00:15:10,749 - ForgettingMechanism - INFO - Benchmarking step_function strategy...
2025-05-07 00:15:11,543 - ForgettingMechanism - INFO - Benchmarking hybrid strategy...
2025-05-07 00:15:12,333 - ForgettingMechanism - INFO - Initializing memory strengths from ratings data...
2025-05-07 00:15:13,065 - ForgettingMechanism - INFO - Initialized memory strengths for 98406 user-item pairs
2025-05-07 00:15:13,067 - ForgettingMechanism - INFO - Initializing memory strengths from ratings data...
2025-05-07 00:15:13,201 - ForgettingMechanism - INFO - Initialized memory strengths for 98406 user-item pairs
2025-05-07 00:15:13,201 - ForgettingMechanism - INFO - Benchmarking with 100 users and 6102 interactions
2025-05-07 00:15:13,201 - ForgettingMechanism - INFO - Benchmarking time_based strategy...
2025-05-07 00:15:14,764 - ForgettingMechanism - INFO - Benchmarking ebbinghaus strategy...
2025-05-07 00:15:24,884 - ForgettingMechanism - INFO - Benchmarking power_law strategy...
2025-05-07 00:15:26,421 - ForgettingMechanism - INFO - Benchmarking usage_based strategy...
2025-05-07 00:15:27,895 - ForgettingMechanism - INFO - Benchmarking step_function strategy...
2025-05-07 00:15:29,429 - ForgettingMechanism - INFO - Benchmarking hybrid strategy...
2025-05-07 00:15:31,147 - ForgettingMechanism - INFO - Initializing memory strengths from ratings data...
2025-05-07 00:15:31,955 - ForgettingMechanism - INFO - Initialized memory strengths for 98406 user-item pairs
2025-05-07 00:15:31,957 - ForgettingMechanism - INFO - Initializing memory strengths from ratings data...
2025-05-07 00:15:32,187 - ForgettingMechanism - INFO - Initialized memory strengths for 98406 user-item pairs
2025-05-07 00:15:32,188 - ForgettingMechanism - INFO - Benchmarking with 200 users and 9725 interactions
2025-05-07 00:15:32,188 - ForgettingMechanism - INFO - Benchmarking time_based strategy...
2025-05-07 00:15:35,264 - ForgettingMechanism - INFO - Benchmarking ebbinghaus strategy...
2025-05-07 00:15:53,993 - ForgettingMechanism - INFO - Benchmarking power_law strategy...
2025-05-07 00:15:56,992 - ForgettingMechanism - INFO - Benchmarking usage_based strategy...
2025-05-07 00:16:00,112 - ForgettingMechanism - INFO - Benchmarking step_function strategy...
2025-05-07 00:16:03,430 - ForgettingMechanism - INFO - Benchmarking hybrid strategy...
2025-05-07 00:16:07,196 - ForgettingMechanism - INFO - Initializing memory strengths from ratings data...
2025-05-07 00:16:08,043 - ForgettingMechanism - INFO - Initialized memory strengths for 98406 user-item pairs
2025-05-07 00:16:08,044 - ForgettingMechanism - INFO - Initializing memory strengths from ratings data...
2025-05-07 00:16:08,068 - ForgettingMechanism - INFO - Initialized memory strengths for 98406 user-item pairs
2025-05-07 00:16:08,068 - ForgettingMechanism - INFO - Benchmarking with 529 users and 1000 interactions
2025-05-07 00:16:08,068 - ForgettingMechanism - INFO - Benchmarking time_based strategy...
2025-05-07 00:16:15,167 - ForgettingMechanism - INFO - Benchmarking ebbinghaus strategy...
2025-05-07 00:16:57,049 - ForgettingMechanism - INFO - Benchmarking power_law strategy...
2025-05-07 00:17:04,331 - ForgettingMechanism - INFO - Benchmarking usage_based strategy...
2025-05-07 00:17:11,069 - ForgettingMechanism - INFO - Benchmarking step_function strategy...
2025-05-07 00:17:18,116 - ForgettingMechanism - INFO - Benchmarking hybrid strategy...
2025-05-07 00:17:25,461 - ForgettingMechanism - INFO - Initializing memory strengths from ratings data...
2025-05-07 00:17:26,264 - ForgettingMechanism - INFO - Initialized memory strengths for 98406 user-item pairs
2025-05-07 00:17:26,266 - ForgettingMechanism - INFO - Initializing memory strengths from ratings data...
2025-05-07 00:17:26,390 - ForgettingMechanism - INFO - Initialized memory strengths for 98406 user-item pairs
2025-05-07 00:17:26,390 - ForgettingMechanism - INFO - Benchmarking with 869 users and 5000 interactions
2025-05-07 00:17:26,390 - ForgettingMechanism - INFO - Benchmarking time_based strategy...
2025-05-07 00:17:38,534 - ForgettingMechanism - INFO - Benchmarking ebbinghaus strategy...
2025-05-07 00:18:40,307 - ForgettingMechanism - INFO - Benchmarking power_law strategy...
2025-05-07 00:18:51,614 - ForgettingMechanism - INFO - Benchmarking usage_based strategy...
2025-05-07 00:19:02,643 - ForgettingMechanism - INFO - Benchmarking step_function strategy...
2025-05-07 00:19:13,980 - ForgettingMechanism - INFO - Benchmarking hybrid strategy...
2025-05-07 00:19:24,950 - ForgettingMechanism - INFO - Initializing memory strengths from ratings data...
2025-05-07 00:19:25,711 - ForgettingMechanism - INFO - Initialized memory strengths for 98406 user-item pairs
2025-05-07 00:19:25,713 - ForgettingMechanism - INFO - Initializing memory strengths from ratings data...
2025-05-07 00:19:25,940 - ForgettingMechanism - INFO - Initialized memory strengths for 98406 user-item pairs
2025-05-07 00:19:25,940 - ForgettingMechanism - INFO - Benchmarking with 929 users and 10000 interactions
2025-05-07 00:19:25,940 - ForgettingMechanism - INFO - Benchmarking time_based strategy...
2025-05-07 00:19:37,510 - ForgettingMechanism - INFO - Benchmarking ebbinghaus strategy...
2025-05-07 00:20:41,922 - ForgettingMechanism - INFO - Benchmarking power_law strategy...
2025-05-07 00:20:53,518 - ForgettingMechanism - INFO - Benchmarking usage_based strategy...
2025-05-07 00:21:04,467 - ForgettingMechanism - INFO - Benchmarking step_function strategy...
2025-05-07 00:21:15,856 - ForgettingMechanism - INFO - Benchmarking hybrid strategy...
2025-05-07 00:21:27,466 - ForgettingMechanism - INFO - Initializing memory strengths from ratings data...
2025-05-07 00:21:28,221 - ForgettingMechanism - INFO - Initialized memory strengths for 98406 user-item pairs
2025-05-07 00:21:28,222 - ExperimentRunner - INFO - Visualizing scalability results...
2025-05-07 00:21:28,350 - ExperimentRunner - INFO - Saved user scalability visualization to ./results/scalability_users.png
2025-05-07 00:21:28,461 - ExperimentRunner - INFO - Saved interaction scalability visualization to ./results/scalability_interactions.png
2025-05-07 00:21:28,461 - ExperimentRunner - INFO - Scalability test complete.
2025-05-07 00:21:28,461 - __main__ - INFO - Completed experiment: scalability_test in 390.18 seconds
2025-05-07 00:21:28,461 - __main__ - INFO - Starting experiment: user_segmentation
2025-05-07 00:21:28,461 - ExperimentRunner - INFO - Running user segmentation analysis...
2025-05-07 00:21:28,461 - ExperimentRunner - INFO - Creating random train-test split with 0.2 test ratio...
2025-05-07 00:21:29,738 - MovieLensKG - INFO - Building user profiles...
2025-05-07 00:21:30,089 - ExperimentRunner - INFO - Prepared test data for 50 users
2025-05-07 00:21:30,103 - ExperimentRunner - INFO - Evaluating high_activity segment with 26 users...
2025-05-07 00:21:30,103 - ExperimentRunner - INFO - Evaluating Time-Decay on high_activity segment...
2025-05-07 00:21:37,999 - ExperimentRunner - INFO - Evaluating Usage-Based on high_activity segment...
2025-05-07 00:21:45,914 - ExperimentRunner - INFO - Evaluating Hybrid-Decay on high_activity segment...
2025-05-07 00:21:53,999 - ExperimentRunner - INFO - Evaluating Personalized on high_activity segment...
2025-05-07 00:22:02,181 - ExperimentRunner - INFO - Evaluating low_activity segment with 24 users...
2025-05-07 00:22:02,181 - ExperimentRunner - INFO - Evaluating Time-Decay on low_activity segment...
2025-05-07 00:22:10,361 - ExperimentRunner - INFO - Evaluating Usage-Based on low_activity segment...
2025-05-07 00:22:18,519 - ExperimentRunner - INFO - Evaluating Hybrid-Decay on low_activity segment...
2025-05-07 00:22:26,655 - ExperimentRunner - INFO - Evaluating Personalized on low_activity segment...
2025-05-07 00:22:34,911 - ExperimentRunner - INFO - Evaluating diverse_taste segment with 25 users...
2025-05-07 00:22:34,912 - ExperimentRunner - INFO - Evaluating Time-Decay on diverse_taste segment...
2025-05-07 00:22:42,759 - ExperimentRunner - INFO - Evaluating Usage-Based on diverse_taste segment...
2025-05-07 00:22:50,937 - ExperimentRunner - INFO - Evaluating Hybrid-Decay on diverse_taste segment...
2025-05-07 00:22:59,395 - ExperimentRunner - INFO - Evaluating Personalized on diverse_taste segment...
2025-05-07 00:23:07,305 - ExperimentRunner - INFO - Evaluating focused_taste segment with 25 users...
2025-05-07 00:23:07,305 - ExperimentRunner - INFO - Evaluating Time-Decay on focused_taste segment...
2025-05-07 00:23:15,113 - ExperimentRunner - INFO - Evaluating Usage-Based on focused_taste segment...
2025-05-07 00:23:23,017 - ExperimentRunner - INFO - Evaluating Hybrid-Decay on focused_taste segment...
2025-05-07 00:23:30,910 - ExperimentRunner - INFO - Evaluating Personalized on focused_taste segment...
2025-05-07 00:23:39,063 - ExperimentRunner - INFO - Evaluating new_users segment with 25 users...
2025-05-07 00:23:39,063 - ExperimentRunner - INFO - Evaluating Time-Decay on new_users segment...
2025-05-07 00:23:46,908 - ExperimentRunner - INFO - Evaluating Usage-Based on new_users segment...
2025-05-07 00:23:54,755 - ExperimentRunner - INFO - Evaluating Hybrid-Decay on new_users segment...
2025-05-07 00:24:02,750 - ExperimentRunner - INFO - Evaluating Personalized on new_users segment...
2025-05-07 00:24:10,761 - ExperimentRunner - INFO - Evaluating established_users segment with 25 users...
2025-05-07 00:24:10,761 - ExperimentRunner - INFO - Evaluating Time-Decay on established_users segment...
2025-05-07 00:24:18,753 - ExperimentRunner - INFO - Evaluating Usage-Based on established_users segment...
2025-05-07 00:24:26,545 - ExperimentRunner - INFO - Evaluating Hybrid-Decay on established_users segment...
2025-05-07 00:24:34,408 - ExperimentRunner - INFO - Evaluating Personalized on established_users segment...
2025-05-07 00:24:43,028 - ExperimentRunner - INFO - User segmentation analysis complete.
2025-05-07 00:24:43,028 - __main__ - INFO - Completed experiment: user_segmentation in 194.57 seconds
2025-05-07 00:24:43,051 - __main__ - INFO - Report generated and saved to ./results/experiment_report.json
2025-05-07 00:24:43,051 - __main__ - INFO - All experiments completed successfully
